* Radex version        : 24aug2011
* Geometry             : Uniform sphere
* Molecular data file  : /home/mher/ism/code/radex/Radex/data/hco+.dat                                   
* T(kin)            [K]:   20.000
* Density of H2  [cm-3]:  1.000E+04
* T(background)     [K]:    2.730
* Column density [cm-2]:  1.000E+13
* Line width     [km/s]:    1.000
Calculation finished in   67 iterations
      LINE         E_UP       FREQ        WAVEL     T_EX      TAU        T_R       POP        POP       FLUX        FLUX
                   (K)        (GHz)       (um)      (K)                  (K)        UP        LOW      (K*km/s) (erg/cm2/s)
1     0          4.3     89.1884   3361.3393    4.505  4.686E+00  1.557E+00  4.897E-01  4.221E-01  1.657E+00  1.514E-08
2     1         12.8    178.3748   1680.6883    3.769  5.300E+00  5.927E-01  8.419E-02  4.897E-01  6.309E-01  4.612E-08
3     2         25.7    267.5573   1120.4795    3.724  8.856E-01  1.789E-01  3.750E-03  8.419E-02  1.905E-01  4.698E-08
4     3         42.8    356.7338    840.3814    6.033  3.652E-02  3.703E-02  2.823E-04  3.750E-03  3.941E-02  2.304E-08
5     4         64.2    445.9024    672.3275    9.702  2.527E-03  6.664E-03  3.801E-05  2.823E-04  7.094E-03  8.100E-09
6     5         89.9    535.0612    560.2957   12.272  3.291E-04  1.189E-03  5.543E-06  3.801E-05  1.265E-03  2.496E-09
7     6        119.8    624.2080    480.2765   13.947  4.772E-05  1.889E-04  7.465E-07  5.543E-06  2.011E-04  6.297E-10
8     7        154.1    713.3411    420.2652   14.791  6.496E-06  2.438E-05  8.360E-08  7.465E-07  2.596E-05  1.213E-10
9     8        192.6    802.4583    373.5926   13.900  7.510E-07  1.932E-06  5.851E-09  8.360E-08  2.057E-06  1.369E-11
10    9        235.4    891.5577    336.2569   14.325  5.294E-08  1.203E-07  3.262E-10  5.851E-09  1.281E-07  1.169E-12
11    10       282.4    980.6373    305.7119   15.788  2.936E-09  7.387E-09  1.813E-11  3.262E-10  7.864E-09  9.550E-14
12    11       333.8   1069.6952    280.2597   17.032  1.628E-10  4.314E-10  9.672E-13  1.813E-11  4.593E-10  7.240E-15
13    12       389.4   1158.7294    258.7252   17.050  8.760E-12  1.941E-11  4.004E-14  9.672E-13  2.067E-11  4.141E-16
14    13       449.3   1247.7378    240.2688   17.369  3.639E-13  7.163E-13  1.368E-15  4.004E-14  7.624E-13  1.907E-17
15    14       513.4   1336.7186    224.2749   17.078  1.252E-14  1.925E-14  3.417E-17  1.368E-15  2.050E-14  6.305E-19
16    15       581.8   1425.6697    210.2818   18.065  3.121E-16  5.282E-16  8.179E-19  3.417E-17  5.623E-16  2.098E-20
17    16       654.5   1514.5892    197.9365   20.084  7.516E-18  0.000E+00  1.292E-20  8.179E-19  0.000E+00  0.000E+00
18    17       731.5   1603.4751    186.9642  137.985  3.223E-20  0.000E+00  1.000E-20  1.292E-20  0.000E+00  0.000E+00
19    18       812.7   1692.3253    177.1482  361.247  4.768E-21  0.000E+00  1.000E-20  1.000E-20  0.000E+00  0.000E+00
20    19       898.2   1781.1380    168.3151  417.474  4.529E-21  0.000E+00  1.000E-20  1.000E-20  0.000E+00  0.000E+00
