#
# A fatal error has been detected by the Java Runtime Environment:
#
#  SIGSEGV (0xb) at pc=0x00007f3171f4c78e, pid=28943, tid=139850176194304
#
# JRE version: 6.0_22-b22
# Java VM: OpenJDK 64-Bit Server VM (20.0-b11 mixed mode linux-amd64 compressed oops)
# Derivative: IcedTea6 1.10.4
# Distribution: Fedora release 16 (Verne), package fedora-61.1.10.4.fc16-x86_64
# Problematic frame:
# V  [libjvm.so+0x5be78e]  JVM_FindSignal+0xc49ee
#
# If you would like to submit a bug report, please include
# instructions how to reproduce the bug and visit:
#   http://icedtea.classpath.org/bugzilla
#

---------------  T H R E A D  ---------------

Current thread (0x00007f316c09b800):  JavaThread "C2 CompilerThread1" daemon [_thread_in_native, id=28954, stack(0x00007f316802e000,0x00007f316812f000)]

siginfo:si_signo=SIGSEGV: si_errno=0, si_code=1 (SEGV_MAPERR), si_addr=0x0000000000000008

Registers:
RAX=0x0000000000000000, RBX=0x00007f316812b810, RCX=0x00007f31307b3330, RDX=0x0000000000001000
RSP=0x00007f316812a050, RBP=0x00007f316812a090, RSI=0x00007f31312108b0, RDI=0x0000000000000000
R8 =0x00007f313434bad0, R9 =0x00007f316812b810, R10=0x00007f31312108b0, R11=0x0000000000000000
R12=0x00007f3130a28e50, R13=0x00007f31319b3d88, R14=0x00007f316812b830, R15=0x00007f3130c9f2d0
RIP=0x00007f3171f4c78e, EFLAGS=0x0000000000010287, CSGSFS=0x0000000000000033, ERR=0x0000000000000004
  TRAPNO=0x000000000000000e

Top of Stack: (sp=0x00007f316812a050)
0x00007f316812a050:   00007f316812a2f0 000000000000004c
0x00007f316812a060:   00007f316812a090 00007f316812b810
0x00007f316812a070:   0000000000000002 00007f3130a28e50
0x00007f316812a080:   00007f3130b83e50 00007f316812a330
0x00007f316812a090:   00007f316812a100 00007f3171f4ccfb
0x00007f316812a0a0:   00007f3134099d80 00007f316c00f460
0x00007f316812a0b0:   00007f3100000001 00007f316812c1b0
0x00007f316812a0c0:   00007f316812a350 00007f316812a2f0
0x00007f316812a0d0:   0000000000000e4b 00007f316812b810
0x00007f316812a0e0:   0000000000000001 0000000000000001
0x00007f316812a0f0:   0000000000000001 00007f3134099d80
0x00007f316812a100:   00007f316812a3a0 00007f3171f4d8c2
0x00007f316812a110:   00007f316812a160 00007f3134099d10
0x00007f316812a120:   00007f316812a160 00007f316812b830
0x00007f316812a130:   00007f316812a160 00007f31720e25ea
0x00007f316812a140:   00007f3131402d40 00007f31369eea90
0x00007f316812a150:   00007f316812a1a0 00007f3171d0416d
0x00007f316812a160:   00007f316812a170 00007f3131402d40
0x00007f316812a170:   00007f316812a190 00007f31720e2277
0x00007f316812a180:   00007f316812adb8 00007f316812add8
0x00007f316812a190:   00007f31369ecd60 00007f3134e6a000
0x00007f316812a1a0:   0000000000000004 00007f30f82b9ac8
0x00007f316812a1b0:   00007f316812a3f0 0000000000000003
0x00007f316812a1c0:   00007f316812a240 00007f317201509e
0x00007f316812a1d0:   00007f30f82b96f8 0000000000000040
0x00007f316812a1e0:   0000000000000200 0000000000000008
0x00007f316812a1f0:   0000000000008040 0000000000000001
0x00007f316812a200:   0000000000000000 0000023000000802
0x00007f316812a210:   000000760000009b 0000007c00000078
0x00007f316812a220:   0000000000000004 00007f3134000020
0x00007f316812a230:   0000000000008010 0000000000008010
0x00007f316812a240:   00007f313098ed40 0000000000008000 

Instructions: (pc=0x00007f3171f4c78e)
0x00007f3171f4c76e:   4c 39 e8 0f 84 ad 03 00 00 8b 70 28 49 89 c7 0f
0x00007f3171f4c77e:   1f 00 4c 8b 93 e0 09 00 00 49 8d 34 f2 48 8b 06
0x00007f3171f4c78e:   48 8b 50 08 48 83 3a 00 75 27 8b 4b 28 0f 1f 44
0x00007f3171f4c79e:   00 00 8b 50 28 31 c0 39 ca 73 0c 48 8b 43 30 48 

Register to memory mapping:

RAX=0x0000000000000000 is an unknown value
RBX=0x00007f316812b810 is pointing into the stack for thread: 0x00007f316c09b800
RCX=0x00007f31307b3330 is an unknown value
RDX=0x0000000000001000 is an unknown value
RSP=0x00007f316812a050 is pointing into the stack for thread: 0x00007f316c09b800
RBP=0x00007f316812a090 is pointing into the stack for thread: 0x00007f316c09b800
RSI=0x00007f31312108b0 is an unknown value
RDI=0x0000000000000000 is an unknown value
R8 =0x00007f313434bad0 is an unknown value
R9 =0x00007f316812b810 is pointing into the stack for thread: 0x00007f316c09b800
R10=0x00007f31312108b0 is an unknown value
R11=0x0000000000000000 is an unknown value
R12=0x00007f3130a28e50 is an unknown value
R13=0x00007f31319b3d88 is an unknown value
R14=0x00007f316812b830 is pointing into the stack for thread: 0x00007f316c09b800
R15=0x00007f3130c9f2d0 is an unknown value


Stack: [0x00007f316802e000,0x00007f316812f000],  sp=0x00007f316812a050,  free space=1008k
Native frames: (J=compiled Java code, j=interpreted, Vv=VM code, C=native code)
V  [libjvm.so+0x5be78e]  JVM_FindSignal+0xc49ee
V  [libjvm.so+0x5becfb]  JVM_FindSignal+0xc4f5b
V  [libjvm.so+0x5bf8c2]  JVM_FindSignal+0xc5b22
V  [libjvm.so+0x37afda]  ftell+0x37afda
V  [libjvm.so+0x37bd43]  ftell+0x37bd43
V  [libjvm.so+0x305840]  ftell+0x305840
V  [libjvm.so+0x380451]  ftell+0x380451
V  [libjvm.so+0x380e2b]  ftell+0x380e2b
V  [libjvm.so+0x74d5e4]  JVM_handle_linux_signal+0xfaef4
V  [libjvm.so+0x64d8c2]  numa_error+0x2f2


Current CompileTask:
C2:  38692  44%     org.python.pydev.parser.fastparser.FastDefinitionsParser.handleNewLine(Lorg/python/pydev/core/docutils/ParsingUtils;)V @ 50 (517 bytes)


---------------  P R O C E S S  ---------------

Java Threads: ( => current thread )
  0x00007f316c9ff000 JavaThread "org.eclipse.jface.text.reconciler.MonoReconciler" daemon [_thread_blocked, id=29052, stack(0x00007f30dce48000,0x00007f30dcf49000)]
  0x00007f3114005800 JavaThread "[ThreadPool Manager] - Idle Thread" daemon [_thread_blocked, id=29042, stack(0x00007f30dd179000,0x00007f30dd27a000)]
  0x00007f310c0d3000 JavaThread "DLTK indexing" daemon [_thread_blocked, id=29037, stack(0x00007f30dd3c4000,0x00007f30dd4c5000)]
  0x00007f30f805d800 JavaThread "RSE Connection Monitor" [_thread_blocked, id=29036, stack(0x00007f30dd2c3000,0x00007f30dd3c4000)]
  0x00007f311c005800 JavaThread "Worker-20" [_thread_blocked, id=29029, stack(0x00007f30dd4c5000,0x00007f30dd5c6000)]
  0x00007f31100ee000 JavaThread "Worker-19" [_thread_blocked, id=29028, stack(0x00007f30dd5c6000,0x00007f30dd6c7000)]
  0x00007f3114001000 JavaThread "Worker-18" [_thread_blocked, id=29027, stack(0x00007f30dd6c7000,0x00007f30dd7c8000)]
  0x00007f3108006800 JavaThread "Worker-17" [_thread_blocked, id=29026, stack(0x00007f30dd7c8000,0x00007f30dd8c9000)]
  0x00007f310c19d800 JavaThread "Worker-16" [_thread_blocked, id=29025, stack(0x00007f30dd8c9000,0x00007f30dd9ca000)]
  0x00007f3100017000 JavaThread "Worker-15" [_thread_blocked, id=29024, stack(0x00007f30dd9ca000,0x00007f30ddacb000)]
  0x00007f3104028800 JavaThread "Worker-14" [_thread_blocked, id=29023, stack(0x00007f313c013000,0x00007f313c114000)]
  0x00007f30f8048000 JavaThread "Worker-13" [_thread_blocked, id=29022, stack(0x00007f313c114000,0x00007f313c215000)]
  0x00007f30f0002000 JavaThread "Worker-12" [_thread_blocked, id=29021, stack(0x00007f313c215000,0x00007f313c316000)]
  0x00007f30f4008800 JavaThread "Worker-11" [_thread_blocked, id=29020, stack(0x00007f313c316000,0x00007f313c417000)]
  0x00007f30ec009800 JavaThread "Worker-10" [_thread_blocked, id=29019, stack(0x00007f313c417000,0x00007f313c518000)]
  0x00007f30d80b6000 JavaThread "Worker-9" [_thread_in_native, id=29018, stack(0x00007f313d79f000,0x00007f313d8a0000)]
  0x00007f30e0150000 JavaThread "Worker-8" [_thread_blocked, id=29017, stack(0x00007f31581c3000,0x00007f31582c4000)]
  0x00007f30e8008000 JavaThread "Worker-7" [_thread_blocked, id=29016, stack(0x00007f313d8a0000,0x00007f313d9a1000)]
  0x00007f310c09e800 JavaThread "Worker-6" [_thread_blocked, id=29015, stack(0x00007f3158937000,0x00007f3158a38000)]
  0x00007f3104027800 JavaThread "Worker-5" [_thread_blocked, id=29014, stack(0x00007f31592f3000,0x00007f31593f4000)]
  0x00007f30d8098800 JavaThread "Java indexing" daemon [_thread_blocked, id=29011, stack(0x00007f313d69e000,0x00007f313d79f000)]
  0x00007f316c51d800 JavaThread "org.eclipse.jface.text.reconciler.MonoReconciler" daemon [_thread_blocked, id=29009, stack(0x00007f313d9a1000,0x00007f313daa2000)]
  0x00007f30d801c000 JavaThread "Shell reader (stderr)" daemon [_thread_in_native, id=29003, stack(0x00007f31580c2000,0x00007f31581c3000)]
  0x00007f30d801b800 JavaThread "Shell reader (stdout)" daemon [_thread_in_native, id=29002, stack(0x00007f31582c4000,0x00007f31583c5000)]
  0x00007f30d8004800 JavaThread "process reaper" daemon [_thread_in_native, id=28999, stack(0x00007f31583c5000,0x00007f31584c6000)]
  0x00007f316c554000 JavaThread "Bundle File Closer" daemon [_thread_blocked, id=28974, stack(0x00007f3158811000,0x00007f3158912000)]
  0x00007f30f0001800 JavaThread "Worker-4" [_thread_blocked, id=28972, stack(0x00007f3158a38000,0x00007f3158b39000)]
  0x00007f311004a000 JavaThread "Thread-3" daemon [_thread_blocked, id=28970, stack(0x00007f3158b39000,0x00007f3158c3a000)]
  0x00007f3104001000 JavaThread "Worker-3" [_thread_blocked, id=28968, stack(0x00007f3158e42000,0x00007f3158f43000)]
  0x00007f31100e7800 JavaThread "Worker-2" [_thread_blocked, id=28967, stack(0x00007f3159050000,0x00007f3159151000)]
  0x00007f311001c800 JavaThread "Worker-1" [_thread_blocked, id=28966, stack(0x00007f31591e9000,0x00007f31592ea000)]
  0x00007f316c50b000 JavaThread "Worker-0" [_thread_blocked, id=28964, stack(0x00007f315a0a0000,0x00007f315a1a1000)]
  0x00007f31180a0000 JavaThread "Worker-JM" [_thread_blocked, id=28963, stack(0x00007f3159e9e000,0x00007f3159f9f000)]
  0x00007f311807c800 JavaThread "[Timer] - Main Queue Handler" daemon [_thread_blocked, id=28962, stack(0x00007f3159f9f000,0x00007f315a0a0000)]
  0x00007f311800a000 JavaThread "Framework Event Dispatcher" daemon [_thread_blocked, id=28960, stack(0x00007f315a35d000,0x00007f315a45e000)]
  0x00007f316c26a000 JavaThread "Start Level Event Dispatcher" daemon [_thread_blocked, id=28959, stack(0x00007f315a1a1000,0x00007f315a2a2000)]
  0x00007f316c236000 JavaThread "State Data Manager" daemon [_thread_blocked, id=28958, stack(0x00007f315a45e000,0x00007f315a55f000)]
  0x00007f316c24e000 JavaThread "Framework Active Thread" [_thread_blocked, id=28957, stack(0x00007f315a55f000,0x00007f315a660000)]
  0x00007f316c09e000 JavaThread "Low Memory Detector" daemon [_thread_blocked, id=28955, stack(0x00007f3163eff000,0x00007f3164000000)]
=>0x00007f316c09b800 JavaThread "C2 CompilerThread1" daemon [_thread_in_native, id=28954, stack(0x00007f316802e000,0x00007f316812f000)]
  0x00007f316c098800 JavaThread "C2 CompilerThread0" daemon [_thread_blocked, id=28953, stack(0x00007f316812f000,0x00007f3168230000)]
  0x00007f316c08a800 JavaThread "Signal Dispatcher" daemon [_thread_blocked, id=28952, stack(0x00007f3168230000,0x00007f3168331000)]
  0x00007f316c078000 JavaThread "Finalizer" daemon [_thread_blocked, id=28951, stack(0x00007f3168331000,0x00007f3168432000)]
  0x00007f316c076000 JavaThread "Reference Handler" daemon [_thread_blocked, id=28950, stack(0x00007f3168432000,0x00007f3168533000)]
  0x00007f316c007800 JavaThread "main" [_thread_in_native, id=28944, stack(0x00007f317322f000,0x00007f3173330000)]

Other Threads:
  0x00007f316c06f800 VMThread [stack: 0x00007f3168533000,0x00007f3168634000] [id=28949]
  0x00007f316c0a8800 WatcherThread [stack: 0x00007f3163dfe000,0x00007f3163eff000] [id=28956]

VM state:not at safepoint (normal execution)

VM Mutex/Monitor currently owned by a thread: None

Heap
 PSYoungGen      total 118080K, used 22375K [0x00000000f8000000, 0x00000000fffe0000, 0x0000000100000000)
  eden space 105344K, 20% used [0x00000000f8000000,0x00000000f949a2a8,0x00000000fe6e0000)
  from space 12736K, 10% used [0x00000000ff370000,0x00000000ff4afbe0,0x00000000fffe0000)
  to   space 12800K, 0% used [0x00000000fe6e0000,0x00000000fe6e0000,0x00000000ff360000)
 PSOldGen        total 101568K, used 86739K [0x00000000e8000000, 0x00000000ee330000, 0x00000000f8000000)
  object space 101568K, 85% used [0x00000000e8000000,0x00000000ed4b4c50,0x00000000ee330000)
 PSPermGen       total 105664K, used 88216K [0x00000000d8000000, 0x00000000de730000, 0x00000000e8000000)
  object space 105664K, 83% used [0x00000000d8000000,0x00000000dd626268,0x00000000de730000)

Code Cache  [0x00007f3169000000, 0x00007f31694f0000, 0x00007f316c000000)
 total_blobs=1711 nmethods=1099 adapters=565 free_code_cache=45282752 largest_free_block=14720

Dynamic libraries:
00400000-00408000 r-xp 00000000 08:02 930602                             /usr/lib/jvm/java-1.6.0-openjdk-1.6.0.0.x86_64/jre/bin/java
00608000-00609000 rw-p 00008000 08:02 930602                             /usr/lib/jvm/java-1.6.0-openjdk-1.6.0.0.x86_64/jre/bin/java
01ab1000-01f22000 rw-p 00000000 00:00 0                                  [heap]
d8000000-de730000 rw-p 00000000 00:00 0 
de730000-e8000000 rw-p 00000000 00:00 0 
e8000000-ee330000 rw-p 00000000 00:00 0 
ee330000-f8000000 rw-p 00000000 00:00 0 
f8000000-fffe0000 rw-p 00000000 00:00 0 
fffe0000-100000000 ---p 00000000 00:00 0 
7f30d8000000-7f30d8174000 rw-p 00000000 00:00 0 
7f30d8174000-7f30dc000000 ---p 00000000 00:00 0 
7f30dcd47000-7f30dcd4a000 ---p 00000000 00:00 0 
7f30dcd4a000-7f30dce48000 rw-p 00000000 00:00 0 
7f30dce48000-7f30dce4b000 ---p 00000000 00:00 0 
7f30dce4b000-7f30dcf49000 rw-p 00000000 00:00 0 
7f30dcf49000-7f30dcf4c000 ---p 00000000 00:00 0 
7f30dcf4c000-7f30dd04a000 rw-p 00000000 00:00 0 
7f30dd04a000-7f30dd04d000 ---p 00000000 00:00 0 
7f30dd04d000-7f30dd14b000 rw-p 00000000 00:00 0 
7f30dd14b000-7f30dd15f000 r--s 0024b000 08:05 31998744                   /data1/progs/eclipse3.7cpp/plugins/org.eclipse.swt.gtk.linux.x86_64_3.7.1.v3738a.jar
7f30dd15f000-7f30dd179000 r--s 0015b000 08:05 26533907                   /data1/progs/.eclipse3.7cpp/org.eclipse.platform_3.7.0_399112415/plugins/org.python.pydev_2.2.4.2011110216/pydev.jar
7f30dd179000-7f30dd17c000 ---p 00000000 00:00 0 
7f30dd17c000-7f30dd27a000 rw-p 00000000 00:00 0 
7f30dd27a000-7f30dd2c3000 r--s 00408000 08:05 31998886                   /data1/progs/eclipse3.7cpp/plugins/org.eclipse.cdt.core_5.3.1.201109151620.jar
7f30dd2c3000-7f30dd2c6000 ---p 00000000 00:00 0 
7f30dd2c6000-7f30dd3c4000 rw-p 00000000 00:00 0 
7f30dd3c4000-7f30dd3c7000 ---p 00000000 00:00 0 
7f30dd3c7000-7f30dd4c5000 rw-p 00000000 00:00 0 
7f30dd4c5000-7f30dd4c8000 ---p 00000000 00:00 0 
7f30dd4c8000-7f30dd5c6000 rw-p 00000000 00:00 0 
7f30dd5c6000-7f30dd5c9000 ---p 00000000 00:00 0 
7f30dd5c9000-7f30dd6c7000 rw-p 00000000 00:00 0 
7f30dd6c7000-7f30dd6ca000 ---p 00000000 00:00 0 
7f30dd6ca000-7f30dd7c8000 rw-p 00000000 00:00 0 
7f30dd7c8000-7f30dd7cb000 ---p 00000000 00:00 0 
7f30dd7cb000-7f30dd8c9000 rw-p 00000000 00:00 0 
7f30dd8c9000-7f30dd8cc000 ---p 00000000 00:00 0 
7f30dd8cc000-7f30dd9ca000 rw-p 00000000 00:00 0 
7f30dd9ca000-7f30dd9cd000 ---p 00000000 00:00 0 
7f30dd9cd000-7f30ddacb000 rw-p 00000000 00:00 0 
7f30ddacb000-7f30e0000000 r--p 00000000 08:02 270402                     /usr/share/icons/hicolor/icon-theme.cache
7f30e0000000-7f30e034d000 rw-p 00000000 00:00 0 
7f30e034d000-7f30e4000000 ---p 00000000 00:00 0 
7f30e4000000-7f30e4064000 rw-p 00000000 00:00 0 
7f30e4064000-7f30e8000000 ---p 00000000 00:00 0 
7f30e8000000-7f30e8071000 rw-p 00000000 00:00 0 
7f30e8071000-7f30ec000000 ---p 00000000 00:00 0 
7f30ec000000-7f30ec090000 rw-p 00000000 00:00 0 
7f30ec090000-7f30f0000000 ---p 00000000 00:00 0 
7f30f0000000-7f30f0047000 rw-p 00000000 00:00 0 
7f30f0047000-7f30f4000000 ---p 00000000 00:00 0 
7f30f4000000-7f30f4051000 rw-p 00000000 00:00 0 
7f30f4051000-7f30f8000000 ---p 00000000 00:00 0 
7f30f8000000-7f30f831f000 rw-p 00000000 00:00 0 
7f30f831f000-7f30fc000000 ---p 00000000 00:00 0 
7f30fc02f000-7f30fc085000 r--s 004b2000 08:05 31998748                   /data1/progs/eclipse3.7cpp/plugins/org.eclipse.cdt.ui_5.3.1.201109151620.jar
7f30fc085000-7f3100000000 r--p 00000000 08:02 323275                     /usr/share/icons/gnome/icon-theme.cache
7f3100000000-7f310011c000 rw-p 00000000 00:00 0 
7f310011c000-7f3104000000 ---p 00000000 00:00 0 
7f3104000000-7f31041d1000 rw-p 00000000 00:00 0 
7f31041d1000-7f3108000000 ---p 00000000 00:00 0 
7f3108000000-7f3108021000 rw-p 00000000 00:00 0 
7f3108021000-7f310c000000 ---p 00000000 00:00 0 
7f310c000000-7f310c27a000 rw-p 00000000 00:00 0 
7f310c27a000-7f3110000000 ---p 00000000 00:00 0 
7f3110000000-7f31102ae000 rw-p 00000000 00:00 0 
7f31102ae000-7f3114000000 ---p 00000000 00:00 0 
7f3114000000-7f3114021000 rw-p 00000000 00:00 0 
7f3114021000-7f3118000000 ---p 00000000 00:00 0 
7f3118000000-7f311813a000 rw-p 00000000 00:00 0 
7f311813a000-7f311c000000 ---p 00000000 00:00 0 
7f311c000000-7f311c0a2000 rw-p 00000000 00:00 0 
7f311c0a2000-7f3120000000 ---p 00000000 00:00 0 
7f3120000000-7f3120021000 rw-p 00000000 00:00 0 
7f3120021000-7f3124000000 ---p 00000000 00:00 0 
7f3124000000-7f3124021000 rw-p 00000000 00:00 0 
7f3124021000-7f3128000000 ---p 00000000 00:00 0 
7f3128000000-7f3128021000 rw-p 00000000 00:00 0 
7f3128021000-7f312c000000 ---p 00000000 00:00 0 
7f312c000000-7f312c021000 rw-p 00000000 00:00 0 
7f312c021000-7f3130000000 ---p 00000000 00:00 0 
7f3130000000-7f3132af6000 rw-p 00000000 00:00 0 
7f3132af6000-7f3134000000 ---p 00000000 00:00 0 
7f3134000000-7f3137fe3000 rw-p 00000000 00:00 0 
7f3137fe3000-7f3138000000 ---p 00000000 00:00 0 
7f3138000000-7f3138021000 rw-p 00000000 00:00 0 
7f3138021000-7f313c000000 ---p 00000000 00:00 0 
7f313c00c000-7f313c013000 r--s 0003b000 08:05 22773780                   /data1/progs/.eclipse3.7cpp/org.eclipse.platform_3.7.0_399112415/plugins/org.python.pydev.refactoring_2.2.4.2011110216/refactoring.jar
7f313c013000-7f313c016000 ---p 00000000 00:00 0 
7f313c016000-7f313c114000 rw-p 00000000 00:00 0 
7f313c114000-7f313c117000 ---p 00000000 00:00 0 
7f313c117000-7f313c215000 rw-p 00000000 00:00 0 
7f313c215000-7f313c218000 ---p 00000000 00:00 0 
7f313c218000-7f313c316000 rw-p 00000000 00:00 0 
7f313c316000-7f313c319000 ---p 00000000 00:00 0 
7f313c319000-7f313c417000 rw-p 00000000 00:00 0 
7f313c417000-7f313c41a000 ---p 00000000 00:00 0 
7f313c41a000-7f313c518000 rw-p 00000000 00:00 0 
7f313c518000-7f313c578000 rw-s 00000000 00:04 83099735                   /SYSV00000000 (deleted)
7f313c578000-7f313c6c8000 r-xp 00000000 08:02 391973                     /usr/lib64/libxml2.so.2.7.8
7f313c6c8000-7f313c8c8000 ---p 00150000 08:02 391973                     /usr/lib64/libxml2.so.2.7.8
7f313c8c8000-7f313c8d1000 rw-p 00150000 08:02 391973                     /usr/lib64/libxml2.so.2.7.8
7f313c8d1000-7f313c8d3000 rw-p 00000000 00:00 0 
7f313c8d3000-7f313c8d5000 r-xp 00000000 08:01 224047                     /lib64/libutil-2.14.90.so
7f313c8d5000-7f313cad4000 ---p 00002000 08:01 224047                     /lib64/libutil-2.14.90.so
7f313cad4000-7f313cad5000 r--p 00001000 08:01 224047                     /lib64/libutil-2.14.90.so
7f313cad5000-7f313cad6000 rw-p 00002000 08:01 224047                     /lib64/libutil-2.14.90.so
7f313cad6000-7f313cae4000 r-xp 00000000 08:01 224090                     /lib64/libudev.so.0.12.0
7f313cae4000-7f313cce4000 ---p 0000e000 08:01 224090                     /lib64/libudev.so.0.12.0
7f313cce4000-7f313cce5000 r--p 0000e000 08:01 224090                     /lib64/libudev.so.0.12.0
7f313cce5000-7f313cce6000 rw-p 0000f000 08:01 224090                     /lib64/libudev.so.0.12.0
7f313cce6000-7f313cd29000 r-xp 00000000 08:01 224070                     /lib64/libdbus-1.so.3.5.6
7f313cd29000-7f313cf28000 ---p 00043000 08:01 224070                     /lib64/libdbus-1.so.3.5.6
7f313cf28000-7f313cf29000 r--p 00042000 08:01 224070                     /lib64/libdbus-1.so.3.5.6
7f313cf29000-7f313cf2a000 rw-p 00043000 08:01 224070                     /lib64/libdbus-1.so.3.5.6
7f313cf2a000-7f313cf54000 r-xp 00000000 08:02 392207                     /usr/lib64/libbluray.so.0.0.0
7f313cf54000-7f313d154000 ---p 0002a000 08:02 392207                     /usr/lib64/libbluray.so.0.0.0
7f313d154000-7f313d155000 r--p 0002a000 08:02 392207                     /usr/lib64/libbluray.so.0.0.0
7f313d155000-7f313d156000 rw-p 0002b000 08:02 392207                     /usr/lib64/libbluray.so.0.0.0
7f313d156000-7f313d16d000 r-xp 00000000 08:02 394260                     /usr/lib64/libgvfscommon.so.0.0.0
7f313d16d000-7f313d36c000 ---p 00017000 08:02 394260                     /usr/lib64/libgvfscommon.so.0.0.0
7f313d36c000-7f313d36d000 r--p 00016000 08:02 394260                     /usr/lib64/libgvfscommon.so.0.0.0
7f313d36d000-7f313d36e000 rw-p 00017000 08:02 394260                     /usr/lib64/libgvfscommon.so.0.0.0
7f313d36e000-7f313d398000 r-xp 00000000 08:02 394256                     /usr/lib64/gio/modules/libgvfsdbus.so
7f313d398000-7f313d597000 ---p 0002a000 08:02 394256                     /usr/lib64/gio/modules/libgvfsdbus.so
7f313d597000-7f313d598000 r--p 00029000 08:02 394256                     /usr/lib64/gio/modules/libgvfsdbus.so
7f313d598000-7f313d599000 rw-p 0002a000 08:02 394256                     /usr/lib64/gio/modules/libgvfsdbus.so
7f313d599000-7f313d59a000 rw-p 00000000 00:00 0 
7f313d59d000-7f313d5a2000 r--s 0003f000 08:05 51601412                   /data1/progs/.eclipse3.7cpp/org.eclipse.platform_3.7.0_399112415/plugins/com.python.pydev.analysis_2.2.4.2011110216/analysis.jar
7f313d5a2000-7f313d5a4000 r--s 00017000 08:05 26419216                   /data1/progs/.eclipse3.7cpp/org.eclipse.platform_3.7.0_399112415/plugins/com.python.pydev_2.2.4.2011110216/pydev.jar
7f313d5a4000-7f313d5a6000 r--s 00007000 08:05 3309721                    /data1/progs/.eclipse3.7cpp/org.eclipse.platform_3.7.0_399112415/plugins/org.eclipse.ptp.rdt.managedbuilder.xlc.ui_3.1.0.201109141657.jar
7f313d5a6000-7f313d5bd000 r--s 001a6000 08:05 3309728                    /data1/progs/.eclipse3.7cpp/org.eclipse.platform_3.7.0_399112415/plugins/org.eclipse.photran.core.vpg_7.0.0.201109141657.jar
7f313d5bd000-7f313d652000 r--s 00929000 08:05 3309735                    /data1/progs/.eclipse3.7cpp/org.eclipse.platform_3.7.0_399112415/plugins/org.eclipse.jdt.ui_3.7.1.r371_v20110824-0800.jar
7f313d69e000-7f313d6a1000 ---p 00000000 00:00 0 
7f313d6a1000-7f313d79f000 rw-p 00000000 00:00 0 
7f313d79f000-7f313d7a2000 ---p 00000000 00:00 0 
7f313d7a2000-7f313d8a0000 rw-p 00000000 00:00 0 
7f313d8a0000-7f313d8a3000 ---p 00000000 00:00 0 
7f313d8a3000-7f313d9a1000 rw-p 00000000 00:00 0 
7f313d9a1000-7f313d9a4000 ---p 00000000 00:00 0 
7f313d9a4000-7f313daa2000 rw-p 00000000 00:00 0 
7f313daa2000-7f313daa5000 ---p 00000000 00:00 0 
7f313daa5000-7f313dba3000 rw-p 00000000 00:00 0 
7f313dba3000-7f313dbdd000 r--p 00000000 08:02 253563                     /usr/share/fonts/dejavu/DejaVuSansMono-BoldOblique.ttf
7f313dbdd000-7f3144000000 r--p 00000000 08:02 915894                     /usr/lib/locale/locale-archive
7f3144000000-7f3144021000 rw-p 00000000 00:00 0 
7f3144021000-7f3148000000 ---p 00000000 00:00 0 
7f3148000000-7f3148021000 rw-p 00000000 00:00 0 
7f3148021000-7f314c000000 ---p 00000000 00:00 0 
7f314c000000-7f314c030000 rw-p 00000000 00:00 0 
7f314c030000-7f3150000000 ---p 00000000 00:00 0 
7f3150000000-7f31500ef000 rw-p 00000000 00:00 0 
7f31500ef000-7f3154000000 ---p 00000000 00:00 0 
7f3154000000-7f315403a000 rw-p 00000000 00:00 0 
7f315403a000-7f3158000000 ---p 00000000 00:00 0 
7f3158001000-7f3158009000 r--s 000cc000 08:05 22749329                   /data1/progs/.eclipse3.7cpp/org.eclipse.platform_3.7.0_399112415/plugins/org.python.pydev.parser_2.2.4.2011110216/parser.jar
7f3158009000-7f3158011000 r--s 000a8000 08:05 22634505                   /data1/progs/.eclipse3.7cpp/org.eclipse.platform_3.7.0_399112415/plugins/org.python.pydev.jython_2.2.4.2011110216/jython.jar
7f3158011000-7f3158039000 r--s 00214000 08:05 31999089                   /data1/progs/eclipse3.7cpp/plugins/org.eclipse.ui.ide_3.7.0.v20110809-1737.jar
7f3158039000-7f3158075000 r--p 00000000 08:02 253564                     /usr/share/fonts/dejavu/DejaVuSansMono-Oblique.ttf
7f3158075000-7f31580c2000 r--p 00000000 08:02 253562                     /usr/share/fonts/dejavu/DejaVuSansMono-Bold.ttf
7f31580c2000-7f31580c5000 ---p 00000000 00:00 0 
7f31580c5000-7f31581c3000 rw-p 00000000 00:00 0 
7f31581c3000-7f31581c6000 ---p 00000000 00:00 0 
7f31581c6000-7f31582c4000 rw-p 00000000 00:00 0 
7f31582c4000-7f31582c7000 ---p 00000000 00:00 0 
7f31582c7000-7f31583c5000 rw-p 00000000 00:00 0 
7f31583c5000-7f31583c8000 ---p 00000000 00:00 0 
7f31583c8000-7f31584c6000 rw-p 00000000 00:00 0 
7f31584c9000-7f31584cc000 r--s 00010000 08:05 26591365                   /data1/progs/.eclipse3.7cpp/org.eclipse.platform_3.7.0_399112415/plugins/org.python.pydev.debug_2.2.4.2011110216/xmlrpc-server-3.1.jar
7f31584cc000-7f31584d7000 r--s 00073000 08:05 26591361                   /data1/progs/.eclipse3.7cpp/org.eclipse.platform_3.7.0_399112415/plugins/org.python.pydev.debug_2.2.4.2011110216/pydev-debug.jar
7f31584d7000-7f3158529000 r--p 00000000 08:02 253565                     /usr/share/fonts/dejavu/DejaVuSansMono.ttf
7f3158529000-7f31585bf000 r--p 00000000 08:02 253532                     /usr/share/fonts/dejavu/DejaVuSans-BoldOblique.ttf
7f31585bf000-7f3158655000 r--p 00000000 08:02 253534                     /usr/share/fonts/dejavu/DejaVuSans-Oblique.ttf
7f3158655000-7f3158661000 r-xp 00000000 08:05 51789826                   /data1/progs/.eclipse3.7cpp/org.eclipse.platform_3.7.0_399112415/configuration/org.eclipse.osgi/bundles/271/1/.cp/libswt-cairo-gtk-3738.so
7f3158661000-7f3158761000 ---p 0000c000 08:05 51789826                   /data1/progs/.eclipse3.7cpp/org.eclipse.platform_3.7.0_399112415/configuration/org.eclipse.osgi/bundles/271/1/.cp/libswt-cairo-gtk-3738.so
7f3158761000-7f3158762000 rw-p 0000c000 08:05 51789826                   /data1/progs/.eclipse3.7cpp/org.eclipse.platform_3.7.0_399112415/configuration/org.eclipse.osgi/bundles/271/1/.cp/libswt-cairo-gtk-3738.so
7f3158762000-7f3158764000 r--s 00004000 08:05 22757394                   /data1/progs/.eclipse3.7cpp/org.eclipse.platform_3.7.0_399112415/plugins/org.python.pydev.red_core_2.2.4.2011110216/red-core.jar
7f3158764000-7f3158766000 r--s 00152000 08:05 26755099                   /data1/progs/.eclipse3.7cpp/org.eclipse.platform_3.7.0_399112415/plugins/org.python.pydev.core_2.2.4.2011110216/lib/jpathwatch-0-94.jar
7f3158766000-7f3158768000 r--s 0000a000 08:05 26558497                   /data1/progs/.eclipse3.7cpp/org.eclipse.platform_3.7.0_399112415/plugins/org.python.pydev.core_2.2.4.2011110216/commons-codec.jar
7f3158768000-7f315876e000 r--s 0003c000 08:05 26558498                   /data1/progs/.eclipse3.7cpp/org.eclipse.platform_3.7.0_399112415/plugins/org.python.pydev.core_2.2.4.2011110216/core.jar
7f315876e000-7f3158798000 r--s 0043b000 08:05 3309992                    /data1/progs/.eclipse3.7cpp/org.eclipse.platform_3.7.0_399112415/plugins/org.eclipse.jdt.core_3.7.1.v_B76_R37x.jar
7f31587a9000-7f31587ca000 r--s 00175000 08:05 31999077                   /data1/progs/eclipse3.7cpp/plugins/org.eclipse.mylyn.tasks.ui_3.6.2.v20110826-0100.jar
7f31587ca000-7f3158811000 r--s 003b2000 08:05 31998642                   /data1/progs/eclipse3.7cpp/plugins/org.eclipse.ui.workbench_3.7.0.I20110519-0100.jar
7f3158811000-7f3158814000 ---p 00000000 00:00 0 
7f3158814000-7f3158912000 rw-p 00000000 00:00 0 
7f3158913000-7f3158917000 r--s 00016000 08:05 26591364                   /data1/progs/.eclipse3.7cpp/org.eclipse.platform_3.7.0_399112415/plugins/org.python.pydev.debug_2.2.4.2011110216/xmlrpc-common-3.1.jar
7f3158917000-7f315891c000 r--s 0002f000 08:05 26468403                   /data1/progs/.eclipse3.7cpp/org.eclipse.platform_3.7.0_399112415/plugins/com.python.pydev.refactoring_2.2.4.2011110216/refactoring.jar
7f3158937000-7f315893a000 ---p 00000000 00:00 0 
7f315893a000-7f3158a38000 rw-p 00000000 00:00 0 
7f3158a38000-7f3158a3b000 ---p 00000000 00:00 0 
7f3158a3b000-7f3158b39000 rw-p 00000000 00:00 0 
7f3158b39000-7f3158b3c000 ---p 00000000 00:00 0 
7f3158b3c000-7f3158c3a000 rw-p 00000000 00:00 0 
7f3158c3a000-7f3158c41000 r-xp 00000000 08:01 224029                     /lib64/libnss_dns-2.14.90.so
7f3158c41000-7f3158e40000 ---p 00007000 08:01 224029                     /lib64/libnss_dns-2.14.90.so
7f3158e40000-7f3158e41000 r--p 00006000 08:01 224029                     /lib64/libnss_dns-2.14.90.so
7f3158e41000-7f3158e42000 rw-p 00007000 08:01 224029                     /lib64/libnss_dns-2.14.90.so
7f3158e42000-7f3158e45000 ---p 00000000 00:00 0 
7f3158e45000-7f3158f43000 rw-p 00000000 00:00 0 
7f3158f43000-7f3158f45000 r--s 00003000 08:05 22634627                   /data1/progs/.eclipse3.7cpp/org.eclipse.platform_3.7.0_399112415/plugins/org.python.pydev.jython_2.2.4.2011110216/pydev-jython.jar
7f3158f4b000-7f3158f70000 r--s 001bd000 08:05 31998619                   /data1/progs/eclipse3.7cpp/plugins/org.eclipse.egit.ui_1.1.0.201109151100-r.jar
7f3158f70000-7f3158f73000 r--s 00009000 08:05 26591363                   /data1/progs/.eclipse3.7cpp/org.eclipse.platform_3.7.0_399112415/plugins/org.python.pydev.debug_2.2.4.2011110216/xmlrpc-client-3.1.jar
7f3158f73000-7f3158f9d000 r--s 0023a000 08:05 3309805                    /data1/progs/.eclipse3.7cpp/org.eclipse.platform_3.7.0_399112415/plugins/org.eclipse.jubula.client.ui_1.1.0.201109140653.jar
7f3158fba000-7f3158fd7000 r--s 0017c000 08:05 31998991                   /data1/progs/eclipse3.7cpp/plugins/org.eclipse.team.cvs.ui_3.3.400.I20110510-0800.jar
7f3158fd7000-7f3158fd9000 r--s 0000c000 08:05 26656784                   /data1/progs/.eclipse3.7cpp/org.eclipse.platform_3.7.0_399112415/plugins/org.python.pydev.django_2.2.4.2011110216/pydev_django.jar
7f3158fd9000-7f3158fdb000 r--s 00007000 08:05 26591362                   /data1/progs/.eclipse3.7cpp/org.eclipse.platform_3.7.0_399112415/plugins/org.python.pydev.debug_2.2.4.2011110216/ws-commons-util-1.0.2.jar
7f3158fdb000-7f3158fde000 r--s 0000c000 08:05 32022913                   /data1/progs/.eclipse3.7cpp/org.eclipse.platform_3.7.0_399112415/plugins/org.eclipse.photran.core_7.0.0.201109141657/photrancore.jar
7f3158fde000-7f3158fe0000 r--s 00009000 08:05 3309948                    /data1/progs/.eclipse3.7cpp/org.eclipse.platform_3.7.0_399112415/plugins/org.eclipse.linuxtools.systemtap.ui.editor_0.3.0.201108301805.jar
7f3158fea000-7f3158fec000 r--s 00008000 08:05 3309982                    /data1/progs/.eclipse3.7cpp/org.eclipse.platform_3.7.0_399112415/plugins/org.eclipse.linuxtools.systemtap.ui.dashboardextension_0.3.0.201108301805.jar
7f3158ff1000-7f3158fff000 r--s 00351000 08:02 930661                     /usr/lib/jvm/java-1.6.0-openjdk-1.6.0.0.x86_64/jre/lib/charsets.jar
7f3158fff000-7f315901d000 r--s 0017f000 08:05 3309840                    /data1/progs/.eclipse3.7cpp/org.eclipse.platform_3.7.0_399112415/plugins/org.eclipse.dltk.core_3.0.1.v20110823.jar
7f315901d000-7f315901f000 r--s 00013000 08:02 930713                     /usr/lib/jvm/java-1.6.0-openjdk-1.6.0.0.x86_64/jre/lib/jce.jar
7f315901f000-7f3159022000 r--s 00031000 08:02 930677                     /usr/lib/jvm/java-1.6.0-openjdk-1.6.0.0.x86_64/jre/lib/ext/sunjce_provider.jar
7f3159023000-7f3159024000 r--s 00005000 08:05 3309626                    /data1/progs/.eclipse3.7cpp/org.eclipse.platform_3.7.0_399112415/plugins/org.eclipse.jubula.toolkit.provider.html_1.1.0.201109140653.jar
7f3159024000-7f3159025000 r--s 00004000 08:05 3309745                    /data1/progs/.eclipse3.7cpp/org.eclipse.platform_3.7.0_399112415/plugins/org.eclipse.jubula.toolkit.provider.concrete_1.1.0.201109140653.jar
7f3159025000-7f3159027000 r--s 00003000 08:05 3309641                    /data1/progs/.eclipse3.7cpp/org.eclipse.platform_3.7.0_399112415/plugins/org.eclipse.jubula.toolkit.provider.base_1.1.0.201109140653.jar
7f3159027000-7f3159029000 r--s 00006000 08:05 3309703                    /data1/progs/.eclipse3.7cpp/org.eclipse.platform_3.7.0_399112415/plugins/org.eclipse.jubula.toolkit.common_1.1.0.201109140653.jar
7f3159029000-7f3159034000 r--s 00066000 08:05 32022725                   /data1/progs/.eclipse3.7cpp/org.eclipse.platform_3.7.0_399112415/plugins/org.eclipse.jubula.rc.rcp_1.1.0.201109140653/lib/xstream-1.3.1.jar
7f3159035000-7f3159050000 r--s 00145000 08:05 31998742                   /data1/progs/eclipse3.7cpp/plugins/org.eclipse.team.ui_3.6.100.I20110525-0800.jar
7f3159050000-7f3159053000 ---p 00000000 00:00 0 
7f3159053000-7f3159151000 rw-p 00000000 00:00 0 
7f3159152000-7f3159154000 r--s 00006000 08:05 32022724                   /data1/progs/.eclipse3.7cpp/org.eclipse.platform_3.7.0_399112415/plugins/org.eclipse.jubula.rc.rcp_1.1.0.201109140653/lib/xpp3_min-1.1.3.4.O.jar
7f3159154000-7f3159159000 r--s 0002a000 08:05 32022727                   /data1/progs/.eclipse3.7cpp/org.eclipse.platform_3.7.0_399112415/plugins/org.eclipse.jubula.rc.rcp_1.1.0.201109140653/lib/ch.qos.logback.classic.jar
7f3159159000-7f3159160000 r--s 00043000 08:05 32022723                   /data1/progs/.eclipse3.7cpp/org.eclipse.platform_3.7.0_399112415/plugins/org.eclipse.jubula.rc.rcp_1.1.0.201109140653/lib/ch.qos.logback.core.jar
7f3159160000-7f3159164000 r--s 0001a000 08:05 32022732                   /data1/progs/.eclipse3.7cpp/org.eclipse.platform_3.7.0_399112415/plugins/org.eclipse.jubula.rc.rcp_1.1.0.201109140653/lib/org.eclipse.jubula.communication.jar
7f3159168000-7f315916a000 r--s 00002000 08:05 3309914                    /data1/progs/.eclipse3.7cpp/org.eclipse.platform_3.7.0_399112415/plugins/org.eclipse.jubula.toolkit.provider.swing_1.1.0.201109140653.jar
7f315916a000-7f3159176000 r--s 00074000 08:05 32022731                   /data1/progs/.eclipse3.7cpp/org.eclipse.platform_3.7.0_399112415/plugins/org.eclipse.jubula.rc.rcp_1.1.0.201109140653/lib/org.eclipse.jubula.rc.swt.jar
7f3159176000-7f3159186000 r--s 00115000 08:05 3309651                    /data1/progs/.eclipse3.7cpp/org.eclipse.platform_3.7.0_399112415/plugins/org.eclipse.jubula.client.core_1.1.0.201109140653.jar
7f3159190000-7f31591a0000 r--s 0010f000 08:05 31999063                   /data1/progs/eclipse3.7cpp/plugins/org.eclipse.cdt.managedbuilder.core_8.0.1.201109151620.jar
7f31591a0000-7f31591b4000 r--p 00000000 08:02 246069                     /usr/share/locale/en_GB/LC_MESSAGES/glib20.mo
7f31591bf000-7f31591c1000 r--s 00002000 08:05 3309912                    /data1/progs/.eclipse3.7cpp/org.eclipse.platform_3.7.0_399112415/plugins/org.eclipse.jubula.toolkit.provider.rcp.gef_1.1.0.201109140653.jar
7f31591c1000-7f31591c6000 r--s 00028000 08:05 32022722                   /data1/progs/.eclipse3.7cpp/org.eclipse.platform_3.7.0_399112415/plugins/org.eclipse.jubula.rc.rcp_1.1.0.201109140653/lib/org.eclipse.jubula.rc.common.jar
7f31591c6000-7f31591cb000 r--s 0002d000 08:05 32022729                   /data1/progs/.eclipse3.7cpp/org.eclipse.platform_3.7.0_399112415/plugins/org.eclipse.jubula.rc.rcp_1.1.0.201109140653/lib/org.apache.commons.beanutils.jar
7f31591cb000-7f31591d5000 r--s 00069000 08:05 31998597                   /data1/progs/eclipse3.7cpp/plugins/org.eclipse.search_3.7.0.v20110505-0800.jar
7f31591d5000-7f31591e1000 r--s 00083000 08:05 31999017                   /data1/progs/eclipse3.7cpp/plugins/org.eclipse.ui.workbench.texteditor_3.7.0.v20110505-0800.jar
7f31591e9000-7f31591ec000 ---p 00000000 00:00 0 
7f31591ec000-7f31592ea000 rw-p 00000000 00:00 0 
7f31592f3000-7f31592f6000 ---p 00000000 00:00 0 
7f31592f6000-7f31593f4000 rw-p 00000000 00:00 0 
7f31593f9000-7f3159401000 r--s 0004d000 08:05 31999002                   /data1/progs/eclipse3.7cpp/plugins/org.eclipse.debug.core_3.7.0.v20110518.jar
7f3159401000-7f3159406000 r--s 0003f000 08:05 32022721                   /data1/progs/.eclipse3.7cpp/org.eclipse.platform_3.7.0_399112415/plugins/org.eclipse.jubula.rc.rcp_1.1.0.201109140653/lib/org.apache.commons.lang.jar
7f3159406000-7f3159408000 r-xp 00000000 08:05 51847174                   /data1/progs/.eclipse3.7cpp/org.eclipse.platform_3.7.0_399112415/configuration/org.eclipse.osgi/bundles/84/1/.cp/os/linux/x86_64/libunixfile_1_0_0.so
7f3159408000-7f3159507000 ---p 00002000 08:05 51847174                   /data1/progs/.eclipse3.7cpp/org.eclipse.platform_3.7.0_399112415/configuration/org.eclipse.osgi/bundles/84/1/.cp/os/linux/x86_64/libunixfile_1_0_0.so
7f3159507000-7f3159508000 rw-p 00001000 08:05 51847174                   /data1/progs/.eclipse3.7cpp/org.eclipse.platform_3.7.0_399112415/configuration/org.eclipse.osgi/bundles/84/1/.cp/os/linux/x86_64/libunixfile_1_0_0.so
7f3159508000-7f31595ad000 r--p 00000000 08:02 253531                     /usr/share/fonts/dejavu/DejaVuSans-Bold.ttf
7f31595ad000-7f31595b8000 r-xp 00000000 08:05 51789829                   /data1/progs/.eclipse3.7cpp/org.eclipse.platform_3.7.0_399112415/configuration/org.eclipse.osgi/bundles/271/1/.cp/libswt-atk-gtk-3738.so
7f31595b8000-7f31596b8000 ---p 0000b000 08:05 51789829                   /data1/progs/.eclipse3.7cpp/org.eclipse.platform_3.7.0_399112415/configuration/org.eclipse.osgi/bundles/271/1/.cp/libswt-atk-gtk-3738.so
7f31596b8000-7f31596b9000 rw-p 0000b000 08:05 51789829                   /data1/progs/.eclipse3.7cpp/org.eclipse.platform_3.7.0_399112415/configuration/org.eclipse.osgi/bundles/271/1/.cp/libswt-atk-gtk-3738.so
7f31596b9000-7f31596bf000 r-xp 00000000 08:02 442855                     /usr/lib64/gdk-pixbuf-2.0/2.10.0/loaders/libpixbufloader-gif.so
7f31596bf000-7f31598be000 ---p 00006000 08:02 442855                     /usr/lib64/gdk-pixbuf-2.0/2.10.0/loaders/libpixbufloader-gif.so
7f31598be000-7f31598bf000 r--p 00005000 08:02 442855                     /usr/lib64/gdk-pixbuf-2.0/2.10.0/loaders/libpixbufloader-gif.so
7f31598bf000-7f31598c0000 rw-p 00006000 08:02 442855                     /usr/lib64/gdk-pixbuf-2.0/2.10.0/loaders/libpixbufloader-gif.so
7f31598c6000-7f31598cf000 r--s 00058000 08:05 31998986                   /data1/progs/eclipse3.7cpp/plugins/org.eclipse.team.core_3.6.0.I20110525-0800.jar
7f31598d2000-7f31598dc000 r--s 00085000 08:05 31998591                   /data1/progs/eclipse3.7cpp/plugins/org.eclipse.team.cvs.core_3.3.400.I20110510-0800.jar
7f31598dc000-7f31598e5000 r--s 0005a000 08:05 31999126                   /data1/progs/eclipse3.7cpp/plugins/org.eclipse.ui.navigator_3.5.100.v20110809-2227.jar
7f31598e5000-7f31598e9000 r--s 0001d000 08:05 31998842                   /data1/progs/eclipse3.7cpp/plugins/org.eclipse.cdt.codan.core_2.0.0.201109151620.jar
7f31598e9000-7f3159999000 r--p 00000000 08:02 253535                     /usr/share/fonts/dejavu/DejaVuSans.ttf
7f3159999000-7f315999e000 r-xp 00000000 08:02 394317                     /usr/lib64/libXtst.so.6.1.0
7f315999e000-7f3159b9e000 ---p 00005000 08:02 394317                     /usr/lib64/libXtst.so.6.1.0
7f3159b9e000-7f3159b9f000 rw-p 00005000 08:02 394317                     /usr/lib64/libXtst.so.6.1.0
7f3159b9f000-7f3159c13000 r-xp 00000000 08:05 51789830                   /data1/progs/.eclipse3.7cpp/org.eclipse.platform_3.7.0_399112415/configuration/org.eclipse.osgi/bundles/271/1/.cp/libswt-pi-gtk-3738.so
7f3159c13000-7f3159d12000 ---p 00074000 08:05 51789830                   /data1/progs/.eclipse3.7cpp/org.eclipse.platform_3.7.0_399112415/configuration/org.eclipse.osgi/bundles/271/1/.cp/libswt-pi-gtk-3738.so
7f3159d12000-7f3159d15000 rw-p 00073000 08:05 51789830                   /data1/progs/.eclipse3.7cpp/org.eclipse.platform_3.7.0_399112415/configuration/org.eclipse.osgi/bundles/271/1/.cp/libswt-pi-gtk-3738.so
7f3159d15000-7f3159d17000 rw-p 00000000 00:00 0 
7f3159d17000-7f3159d95000 r-xp 00000000 08:05 51789825                   /data1/progs/.eclipse3.7cpp/org.eclipse.platform_3.7.0_399112415/configuration/org.eclipse.osgi/bundles/271/1/.cp/libswt-gtk-3738.so
7f3159d95000-7f3159e94000 ---p 0007e000 08:05 51789825                   /data1/progs/.eclipse3.7cpp/org.eclipse.platform_3.7.0_399112415/configuration/org.eclipse.osgi/bundles/271/1/.cp/libswt-gtk-3738.so
7f3159e94000-7f3159e9b000 rw-p 0007d000 08:05 51789825                   /data1/progs/.eclipse3.7cpp/org.eclipse.platform_3.7.0_399112415/configuration/org.eclipse.osgi/bundles/271/1/.cp/libswt-gtk-3738.so
7f3159e9b000-7f3159e9e000 rw-p 00000000 00:00 0 
7f3159e9e000-7f3159ea1000 ---p 00000000 00:00 0 
7f3159ea1000-7f3159f9f000 rw-p 00000000 00:00 0 
7f3159f9f000-7f3159fa2000 ---p 00000000 00:00 0 
7f3159fa2000-7f315a0a0000 rw-p 00000000 00:00 0 
7f315a0a0000-7f315a0a3000 ---p 00000000 00:00 0 
7f315a0a3000-7f315a1a1000 rw-p 00000000 00:00 0 
7f315a1a1000-7f315a1a4000 ---p 00000000 00:00 0 
7f315a1a4000-7f315a2a2000 rw-p 00000000 00:00 0 
7f315a2a2000-7f315a2a3000 r--s 00004000 08:05 31998841                   /data1/progs/eclipse3.7cpp/plugins/org.eclipse.swt_3.7.1.v3738a.jar
7f315a2a6000-7f315a2a7000 r--s 00000000 08:01 32637                      /var/cache/fontconfig/a899b3974108a5ec5a987ec7f013c340-le64.cache-3
7f315a2a7000-7f315a2a9000 r--s 00000000 08:01 32606                      /var/cache/fontconfig/6179403f23165494de3f88082486ee8e-le64.cache-3
7f315a2a9000-7f315a2aa000 r--s 00000000 08:01 32081                      /var/cache/fontconfig/87f5e051180a7a75f16eb6fe7dbd3749-le64.cache-3
7f315a2aa000-7f315a2b3000 r--s 00000000 08:01 32070                      /var/cache/fontconfig/b79f3aaa7d385a141ab53ec885cc22a8-le64.cache-3
7f315a2b3000-7f315a2bd000 r--s 00000000 08:01 33252                      /var/cache/fontconfig/830f035fa84a65ce80e050178dbb630d-le64.cache-3
7f315a2bd000-7f315a2bf000 r--s 00000000 08:01 32396                      /var/cache/fontconfig/560c5d9ab24f373e3de5407b98a82782-le64.cache-3
7f315a2bf000-7f315a2c0000 r--s 00000000 08:01 33255                      /var/cache/fontconfig/6fcb01a03a016cc71057b587cdea6709-le64.cache-3
7f315a2c0000-7f315a2d9000 r--s 00000000 08:01 32580                      /var/cache/fontconfig/73a61b34dd8ca4d8a159807604ab432f-le64.cache-3
7f315a2d9000-7f315a2de000 r--s 00000000 08:01 32395                      /var/cache/fontconfig/92766a01268820036254e15fb956c917-le64.cache-3
7f315a2de000-7f315a2e1000 r--s 00000000 08:01 32477                      /var/cache/fontconfig/cfde08ab28ad1d91784abb10973575e3-le64.cache-3
7f315a2e1000-7f315a2e4000 r--s 00000000 08:01 32071                      /var/cache/fontconfig/339f7971f0febd795a89052d3369f043-le64.cache-3
7f315a2e4000-7f315a2e8000 r--s 00000000 08:01 32469                      /var/cache/fontconfig/b67b32625a2bb51b023d3814a918f351-le64.cache-3
7f315a2e8000-7f315a2ea000 r--s 00000000 08:01 32771                      /var/cache/fontconfig/4aee3049ed2424664d2eff200f064e38-le64.cache-3
7f315a2ea000-7f315a2ed000 r--s 00000000 08:01 32591                      /var/cache/fontconfig/43759d6532d7c8fa2377cba0d6368316-le64.cache-3
7f315a2ed000-7f315a2f3000 r--s 00000000 08:01 32079                      /var/cache/fontconfig/7b312f204090bff0956e0e66992a6837-le64.cache-3
7f315a2f3000-7f315a303000 r--s 00000000 08:01 33005                      /var/cache/fontconfig/614d1caaa4d7914789410f6367de37ca-le64.cache-3
7f315a303000-7f315a30f000 r--s 00000000 08:01 32075                      /var/cache/fontconfig/12b26b760a24f8b4feb03ad48a333a72-le64.cache-3
7f315a30f000-7f315a321000 r--s 00000000 08:01 32470                      /var/cache/fontconfig/74717c444f6fd72454fa9c9c0ee01ca7-le64.cache-3
7f315a321000-7f315a35d000 r--s 00626000 08:05 31999113                   /data1/progs/eclipse3.7cpp/plugins/com.ibm.icu_4.4.2.v20110208.jar
7f315a35d000-7f315a360000 ---p 00000000 00:00 0 
7f315a360000-7f315a45e000 rw-p 00000000 00:00 0 
7f315a45e000-7f315a461000 ---p 00000000 00:00 0 
7f315a461000-7f315a55f000 rw-p 00000000 00:00 0 
7f315a55f000-7f315a562000 ---p 00000000 00:00 0 
7f315a562000-7f315a660000 rw-p 00000000 00:00 0 
7f315a660000-7f315a668000 r-xp 00000000 08:02 930642                     /usr/lib/jvm/java-1.6.0-openjdk-1.6.0.0.x86_64/jre/lib/amd64/libnio.so
7f315a668000-7f315a867000 ---p 00008000 08:02 930642                     /usr/lib/jvm/java-1.6.0-openjdk-1.6.0.0.x86_64/jre/lib/amd64/libnio.so
7f315a867000-7f315a868000 rw-p 00007000 08:02 930642                     /usr/lib/jvm/java-1.6.0-openjdk-1.6.0.0.x86_64/jre/lib/amd64/libnio.so
7f315a868000-7f315a87c000 r-xp 00000000 08:02 930641                     /usr/lib/jvm/java-1.6.0-openjdk-1.6.0.0.x86_64/jre/lib/amd64/libnet.so
7f315a87c000-7f315aa7c000 ---p 00014000 08:02 930641                     /usr/lib/jvm/java-1.6.0-openjdk-1.6.0.0.x86_64/jre/lib/amd64/libnet.so
7f315aa7c000-7f315aa7d000 rw-p 00014000 08:02 930641                     /usr/lib/jvm/java-1.6.0-openjdk-1.6.0.0.x86_64/jre/lib/amd64/libnet.so
7f315aa7d000-7f315aa80000 r-xp 00000000 08:02 442854                     /usr/lib64/gdk-pixbuf-2.0/2.10.0/loaders/libpixbufloader-bmp.so
7f315aa80000-7f315ac80000 ---p 00003000 08:02 442854                     /usr/lib64/gdk-pixbuf-2.0/2.10.0/loaders/libpixbufloader-bmp.so
7f315ac80000-7f315ac81000 r--p 00003000 08:02 442854                     /usr/lib64/gdk-pixbuf-2.0/2.10.0/loaders/libpixbufloader-bmp.so
7f315ac81000-7f315ac82000 rw-p 00004000 08:02 442854                     /usr/lib64/gdk-pixbuf-2.0/2.10.0/loaders/libpixbufloader-bmp.so
7f315ac82000-7f315aca1000 r-xp 00000000 08:02 392024                     /usr/lib64/libatk-1.0.so.0.20209.1
7f315aca1000-7f315aea1000 ---p 0001f000 08:02 392024                     /usr/lib64/libatk-1.0.so.0.20209.1
7f315aea1000-7f315aea3000 r--p 0001f000 08:02 392024                     /usr/lib64/libatk-1.0.so.0.20209.1
7f315aea3000-7f315aea4000 rw-p 00021000 08:02 392024                     /usr/lib64/libatk-1.0.so.0.20209.1
7f315aea4000-7f315b310000 r-xp 00000000 08:02 394396                     /usr/lib64/libgtk-x11-2.0.so.0.2400.8
7f315b310000-7f315b510000 ---p 0046c000 08:02 394396                     /usr/lib64/libgtk-x11-2.0.so.0.2400.8
7f315b510000-7f315b517000 r--p 0046c000 08:02 394396                     /usr/lib64/libgtk-x11-2.0.so.0.2400.8
7f315b517000-7f315b51b000 rw-p 00473000 08:02 394396                     /usr/lib64/libgtk-x11-2.0.so.0.2400.8
7f315b51b000-7f315b51d000 rw-p 00000000 00:00 0 
7f315b51d000-7f315b51f000 r-xp 00000000 08:02 391984                     /usr/lib64/libXau.so.6.0.0
7f315b51f000-7f315b71f000 ---p 00002000 08:02 391984                     /usr/lib64/libXau.so.6.0.0
7f315b71f000-7f315b720000 rw-p 00002000 08:02 391984                     /usr/lib64/libXau.so.6.0.0
7f315b720000-7f315b73b000 r-xp 00000000 08:02 392105                     /usr/lib64/libxcb.so.1.1.0
7f315b73b000-7f315b93a000 ---p 0001b000 08:02 392105                     /usr/lib64/libxcb.so.1.1.0
7f315b93a000-7f315b93b000 rw-p 0001a000 08:02 392105                     /usr/lib64/libxcb.so.1.1.0
7f315b93b000-7f315b9aa000 r-xp 00000000 08:02 392120                     /usr/lib64/libpixman-1.so.0.22.2
7f315b9aa000-7f315bbaa000 ---p 0006f000 08:02 392120                     /usr/lib64/libpixman-1.so.0.22.2
7f315bbaa000-7f315bbaf000 r--p 0006f000 08:02 392120                     /usr/lib64/libpixman-1.so.0.22.2
7f315bbaf000-7f315bbb0000 rw-p 00074000 08:02 392120                     /usr/lib64/libpixman-1.so.0.22.2
7f315bbb0000-7f315bbd6000 r-xp 00000000 08:02 391977                     /usr/lib64/libpng12.so.0.46.0
7f315bbd6000-7f315bdd5000 ---p 00026000 08:02 391977                     /usr/lib64/libpng12.so.0.46.0
7f315bdd5000-7f315bdd6000 r--p 00025000 08:02 391977                     /usr/lib64/libpng12.so.0.46.0
7f315bdd6000-7f315bdd7000 rw-p 00026000 08:02 391977                     /usr/lib64/libpng12.so.0.46.0
7f315bdd7000-7f315bdfe000 r-xp 00000000 08:01 224083                     /lib64/libexpat.so.1.5.2
7f315bdfe000-7f315bffd000 ---p 00027000 08:01 224083                     /lib64/libexpat.so.1.5.2
7f315bffd000-7f315c000000 rw-p 00026000 08:01 224083                     /lib64/libexpat.so.1.5.2
7f315c000000-7f315c02a000 rw-p 00000000 00:00 0 
7f315c02a000-7f3160000000 ---p 00000000 00:00 0 
7f3160000000-7f3160003000 r--s 0004f000 08:05 2601809                    /data1/mher/ism/amuse/prerequisites/lib/python2.7/site-packages/setuptools-0.6c11-py2.7.egg
7f3160003000-7f3160005000 r--s 00002000 08:05 3309589                    /data1/progs/.eclipse3.7cpp/org.eclipse.platform_3.7.0_399112415/plugins/org.eclipse.jubula.toolkit.provider.rcp_1.1.0.201109140653.jar
7f3160009000-7f316000d000 r--s 00090000 08:05 32022733                   /data1/progs/.eclipse3.7cpp/org.eclipse.platform_3.7.0_399112415/plugins/org.eclipse.jubula.rc.rcp_1.1.0.201109140653/lib/org.eclipse.jubula.tools.jar
7f316000d000-7f3160016000 r--s 0005b000 08:05 31998888                   /data1/progs/eclipse3.7cpp/plugins/org.eclipse.mylyn.tasks.core_3.6.0.v20110608-1400.jar
7f3160016000-7f3160017000 r--s 0000c000 08:05 26591358                   /data1/progs/.eclipse3.7cpp/org.eclipse.platform_3.7.0_399112415/plugins/org.python.pydev.debug_2.2.4.2011110216/commons-logging-1.1.jar
7f316001d000-7f316001e000 r--s 00005000 08:05 22503440                   /data1/progs/.eclipse3.7cpp/org.eclipse.platform_3.7.0_399112415/plugins/org.python.pydev_2.2.4.2011110216/libs/WinRegistry-4.4.jar
7f316001e000-7f3160020000 r--s 00003000 08:05 32022726                   /data1/progs/.eclipse3.7cpp/org.eclipse.platform_3.7.0_399112415/plugins/org.eclipse.jubula.rc.rcp_1.1.0.201109140653/lib/org.slf4j.log4j.jar
7f3160020000-7f3160024000 r--s 00029000 08:05 31998985                   /data1/progs/eclipse3.7cpp/plugins/org.eclipse.equinox.registry_3.5.101.R37x_v20110810-1611.jar
7f3160024000-7f3160025000 r--s 00005000 08:05 51609606                   /data1/progs/.eclipse3.7cpp/org.eclipse.platform_3.7.0_399112415/plugins/com.python.pydev.codecompletion_2.2.4.2011110216/codecompletion.jar
7f3160027000-7f316002c000 r--s 00053000 08:05 3309917                    /data1/progs/.eclipse3.7cpp/org.eclipse.platform_3.7.0_399112415/plugins/org.eclipse.rephraserengine.core.vpg_3.0.0.201109141657.jar
7f316002c000-7f3160032000 r--s 00039000 08:05 31998721                   /data1/progs/eclipse3.7cpp/plugins/org.eclipse.epp.mpc.ui_1.1.1.I20110907-0947.jar
7f3160032000-7f3160033000 r--s 00004000 08:05 3309684                    /data1/progs/.eclipse3.7cpp/org.eclipse.platform_3.7.0_399112415/plugins/org.eclipse.linuxtools.systemtap.ui.graphicalrun_0.3.0.201108301805.jar
7f3160033000-7f3160036000 r--s 00014000 08:05 31998863                   /data1/progs/eclipse3.7cpp/plugins/org.eclipse.core.jobs_3.5.100.v20110404.jar
7f3160036000-7f3160041000 r--s 000bb000 08:05 31999025                   /data1/progs/eclipse3.7cpp/plugins/org.eclipse.core.resources_3.7.100.v20110510-0712.jar
7f3160041000-7f3160054000 r--s 000dd000 08:05 31999041                   /data1/progs/eclipse3.7cpp/plugins/org.eclipse.jface.text_3.7.1.r371_v20110825-0800.jar
7f3160054000-7f3160068000 r--s 000f3000 08:05 31998777                   /data1/progs/eclipse3.7cpp/plugins/org.eclipse.jface_3.7.0.I20110522-1430.jar
7f3160068000-7f3160069000 r--s 00004000 08:05 3309645                    /data1/progs/.eclipse3.7cpp/org.eclipse.platform_3.7.0_399112415/plugins/org.eclipse.jubula.toolkit.provider.swt_1.1.0.201109140653.jar
7f3160069000-7f316006c000 r--s 00008000 08:05 3309597                    /data1/progs/.eclipse3.7cpp/org.eclipse.platform_3.7.0_399112415/plugins/org.eclipse.jubula.client.inspector.ui_1.1.0.201109140653.jar
7f316006c000-7f3160071000 r--s 0004b000 08:05 32022921                   /data1/progs/.eclipse3.7cpp/org.eclipse.platform_3.7.0_399112415/configuration/org.eclipse.osgi/bundles/1220/1/.cp/lib/dom4j-1.6.1.jar
7f3160071000-7f3160073000 r--s 00009000 08:05 31999082                   /data1/progs/eclipse3.7cpp/plugins/org.eclipse.cdt.codan.core.cxx_1.0.0.201109151620.jar
7f3160073000-7f3160074000 r--s 00002000 08:05 32022730                   /data1/progs/.eclipse3.7cpp/org.eclipse.platform_3.7.0_399112415/plugins/org.eclipse.jubula.rc.rcp_1.1.0.201109140653/lib/ch.qos.logback.slf4j.jar
7f3160074000-7f3160077000 r--s 00015000 08:05 26320960                   /data1/progs/.eclipse3.7cpp/org.eclipse.platform_3.7.0_399112415/configuration/org.eclipse.osgi/bundles/1448/1/.cp/cdtdb-4.0.3-eclipse.jar
7f3160077000-7f316007a000 r--s 00010000 08:05 32022728                   /data1/progs/.eclipse3.7cpp/org.eclipse.platform_3.7.0_399112415/plugins/org.eclipse.jubula.rc.rcp_1.1.0.201109140653/lib/org.apache.oro.jar
7f316007a000-7f316008d000 r--s 0013a000 08:05 31998613                   /data1/progs/eclipse3.7cpp/plugins/org.eclipse.osgi_3.7.1.R37x_v20110808-1106.jar
7f316008d000-7f31600ed000 rw-s 00000000 00:04 83034197                   /SYSV00000000 (deleted)
7f31600ed000-7f3160150000 rw-p 00000000 00:00 0 
7f3160150000-7f3160168000 r-xp 00000000 08:01 224041                     /lib64/libresolv-2.14.90.so
7f3160168000-7f3160368000 ---p 00018000 08:01 224041                     /lib64/libresolv-2.14.90.so
7f3160368000-7f3160369000 r--p 00018000 08:01 224041                     /lib64/libresolv-2.14.90.so
7f3160369000-7f316036a000 rw-p 00019000 08:01 224041                     /lib64/libresolv-2.14.90.so
7f316036a000-7f316036c000 rw-p 00000000 00:00 0 
7f316036c000-7f3160389000 r-xp 00000000 08:01 224060                     /lib64/libselinux.so.1
7f3160389000-7f3160589000 ---p 0001d000 08:01 224060                     /lib64/libselinux.so.1
7f3160589000-7f316058a000 r--p 0001d000 08:01 224060                     /lib64/libselinux.so.1
7f316058a000-7f316058b000 rw-p 0001e000 08:01 224060                     /lib64/libselinux.so.1
7f316058b000-7f316058c000 rw-p 00000000 00:00 0 
7f316058c000-7f3160626000 r-xp 00000000 08:02 501274                     /usr/lib64/freetype-freeworld/libfreetype.so.6.7.1
7f3160626000-7f3160825000 ---p 0009a000 08:02 501274                     /usr/lib64/freetype-freeworld/libfreetype.so.6.7.1
7f3160825000-7f316082b000 r--p 00099000 08:02 501274                     /usr/lib64/freetype-freeworld/libfreetype.so.6.7.1
7f316082b000-7f316082c000 rw-p 0009f000 08:02 501274                     /usr/lib64/freetype-freeworld/libfreetype.so.6.7.1
7f316082c000-7f316082f000 r-xp 00000000 08:01 224106                     /lib64/libgmodule-2.0.so.0.3000.2
7f316082f000-7f3160a2e000 ---p 00003000 08:01 224106                     /lib64/libgmodule-2.0.so.0.3000.2
7f3160a2e000-7f3160a2f000 r--p 00002000 08:01 224106                     /lib64/libgmodule-2.0.so.0.3000.2
7f3160a2f000-7f3160a30000 rw-p 00003000 08:01 224106                     /lib64/libgmodule-2.0.so.0.3000.2
7f3160a30000-7f3160a5b000 r-xp 00000000 08:02 394297                     /usr/lib64/libpangoft2-1.0.so.0.2904.0
7f3160a5b000-7f3160c5a000 ---p 0002b000 08:02 394297                     /usr/lib64/libpangoft2-1.0.so.0.2904.0
7f3160c5a000-7f3160c5b000 r--p 0002a000 08:02 394297                     /usr/lib64/libpangoft2-1.0.so.0.2904.0
7f3160c5b000-7f3160c5c000 rw-p 0002b000 08:02 394297                     /usr/lib64/libpangoft2-1.0.so.0.2904.0
7f3160c5c000-7f3160d95000 r-xp 00000000 08:02 394266                     /usr/lib64/libX11.so.6.3.0
7f3160d95000-7f3160f94000 ---p 00139000 08:02 394266                     /usr/lib64/libX11.so.6.3.0
7f3160f94000-7f3160f9a000 rw-p 00138000 08:02 394266                     /usr/lib64/libX11.so.6.3.0
7f3160f9a000-7f3161040000 r-xp 00000000 08:02 394283                     /usr/lib64/libcairo.so.2.11000.2
7f3161040000-7f316123f000 ---p 000a6000 08:02 394283                     /usr/lib64/libcairo.so.2.11000.2
7f316123f000-7f3161241000 r--p 000a5000 08:02 394283                     /usr/lib64/libcairo.so.2.11000.2
7f3161241000-7f3161242000 rw-p 000a7000 08:02 394283                     /usr/lib64/libcairo.so.2.11000.2
7f3161242000-7f3161245000 rw-p 00000000 00:00 0 
7f3161245000-7f3161266000 r-xp 00000000 08:02 394268                     /usr/lib64/libgdk_pixbuf-2.0.so.0.2400.1
7f3161266000-7f3161465000 ---p 00021000 08:02 394268                     /usr/lib64/libgdk_pixbuf-2.0.so.0.2400.1
7f3161465000-7f3161466000 r--p 00020000 08:02 394268                     /usr/lib64/libgdk_pixbuf-2.0.so.0.2400.1
7f3161466000-7f3161467000 rw-p 00021000 08:02 394268                     /usr/lib64/libgdk_pixbuf-2.0.so.0.2400.1
7f3161467000-7f316146c000 r-xp 00000000 08:02 394277                     /usr/lib64/libXfixes.so.3.1.0
7f316146c000-7f316166c000 ---p 00005000 08:02 394277                     /usr/lib64/libXfixes.so.3.1.0
7f316166c000-7f316166d000 rw-p 00005000 08:02 394277                     /usr/lib64/libXfixes.so.3.1.0
7f316166d000-7f316166f000 r-xp 00000000 08:02 394309                     /usr/lib64/libXdamage.so.1.1.0
7f316166f000-7f316186e000 ---p 00002000 08:02 394309                     /usr/lib64/libXdamage.so.1.1.0
7f316186e000-7f316186f000 rw-p 00001000 08:02 394309                     /usr/lib64/libXdamage.so.1.1.0
7f316186f000-7f3161871000 r-xp 00000000 08:02 394311                     /usr/lib64/libXcomposite.so.1.0.0
7f3161871000-7f3161a70000 ---p 00002000 08:02 394311                     /usr/lib64/libXcomposite.so.1.0.0
7f3161a70000-7f3161a71000 rw-p 00001000 08:02 394311                     /usr/lib64/libXcomposite.so.1.0.0
7f3161a71000-7f3161a7a000 r-xp 00000000 08:02 394338                     /usr/lib64/libXcursor.so.1.0.2
7f3161a7a000-7f3161c7a000 ---p 00009000 08:02 394338                     /usr/lib64/libXcursor.so.1.0.2
7f3161c7a000-7f3161c7b000 rw-p 00009000 08:02 394338                     /usr/lib64/libXcursor.so.1.0.2
7f3161c7b000-7f3161c83000 r-xp 00000000 08:02 394313                     /usr/lib64/libXrandr.so.2.2.0
7f3161c83000-7f3161e82000 ---p 00008000 08:02 394313                     /usr/lib64/libXrandr.so.2.2.0
7f3161e82000-7f3161e83000 rw-p 00007000 08:02 394313                     /usr/lib64/libXrandr.so.2.2.0
7f3161e83000-7f3161e92000 r-xp 00000000 08:02 394314                     /usr/lib64/libXi.so.6.1.0
7f3161e92000-7f3162091000 ---p 0000f000 08:02 394314                     /usr/lib64/libXi.so.6.1.0
7f3162091000-7f3162092000 r--p 0000e000 08:02 394314                     /usr/lib64/libXi.so.6.1.0
7f3162092000-7f3162093000 rw-p 0000f000 08:02 394314                     /usr/lib64/libXi.so.6.1.0
7f3162093000-7f3162095000 r-xp 00000000 08:02 394354                     /usr/lib64/libXinerama.so.1.0.0
7f3162095000-7f3162294000 ---p 00002000 08:02 394354                     /usr/lib64/libXinerama.so.1.0.0
7f3162294000-7f3162295000 rw-p 00001000 08:02 394354                     /usr/lib64/libXinerama.so.1.0.0
7f3162295000-7f316229e000 r-xp 00000000 08:02 394279                     /usr/lib64/libXrender.so.1.3.0
7f316229e000-7f316249e000 ---p 00009000 08:02 394279                     /usr/lib64/libXrender.so.1.3.0
7f316249e000-7f316249f000 rw-p 00009000 08:02 394279                     /usr/lib64/libXrender.so.1.3.0
7f316249f000-7f31624b1000 r-xp 00000000 08:02 394273                     /usr/lib64/libXext.so.6.4.0
7f31624b1000-7f31626b0000 ---p 00012000 08:02 394273                     /usr/lib64/libXext.so.6.4.0
7f31626b0000-7f31626b1000 r--p 00011000 08:02 394273                     /usr/lib64/libXext.so.6.4.0
7f31626b1000-7f31626b2000 rw-p 00012000 08:02 394273                     /usr/lib64/libXext.so.6.4.0
7f31626b2000-7f31626e6000 r-xp 00000000 08:02 393710                     /usr/lib64/libfontconfig.so.1.4.4
7f31626e6000-7f31628e5000 ---p 00034000 08:02 393710                     /usr/lib64/libfontconfig.so.1.4.4
7f31628e5000-7f31628e7000 rw-p 00033000 08:02 393710                     /usr/lib64/libfontconfig.so.1.4.4
7f31628e7000-7f3162a20000 r-xp 00000000 08:01 224102                     /lib64/libgio-2.0.so.0.3000.2
7f3162a20000-7f3162c20000 ---p 00139000 08:01 224102                     /lib64/libgio-2.0.so.0.3000.2
7f3162c20000-7f3162c24000 r--p 00139000 08:01 224102                     /lib64/libgio-2.0.so.0.3000.2
7f3162c24000-7f3162c26000 rw-p 0013d000 08:01 224102                     /lib64/libgio-2.0.so.0.3000.2
7f3162c26000-7f3162c28000 rw-p 00000000 00:00 0 
7f3162c28000-7f3162c70000 r-xp 00000000 08:02 394293                     /usr/lib64/libpango-1.0.so.0.2904.0
7f3162c70000-7f3162e70000 ---p 00048000 08:02 394293                     /usr/lib64/libpango-1.0.so.0.2904.0
7f3162e70000-7f3162e72000 r--p 00048000 08:02 394293                     /usr/lib64/libpango-1.0.so.0.2904.0
7f3162e72000-7f3162e73000 rw-p 0004a000 08:02 394293                     /usr/lib64/libpango-1.0.so.0.2904.0
7f3162e73000-7f3162e7f000 r-xp 00000000 08:02 394295                     /usr/lib64/libpangocairo-1.0.so.0.2904.0
7f3162e7f000-7f316307e000 ---p 0000c000 08:02 394295                     /usr/lib64/libpangocairo-1.0.so.0.2904.0
7f316307e000-7f316307f000 r--p 0000b000 08:02 394295                     /usr/lib64/libpangocairo-1.0.so.0.2904.0
7f316307f000-7f3163080000 rw-p 0000c000 08:02 394295                     /usr/lib64/libpangocairo-1.0.so.0.2904.0
7f3163080000-7f316313a000 r-xp 00000000 08:02 394394                     /usr/lib64/libgdk-x11-2.0.so.0.2400.8
7f316313a000-7f316333a000 ---p 000ba000 08:02 394394                     /usr/lib64/libgdk-x11-2.0.so.0.2400.8
7f316333a000-7f316333e000 r--p 000ba000 08:02 394394                     /usr/lib64/libgdk-x11-2.0.so.0.2400.8
7f316333e000-7f3163340000 rw-p 000be000 08:02 394394                     /usr/lib64/libgdk-x11-2.0.so.0.2400.8
7f3163340000-7f3163347000 r-xp 00000000 08:02 392011                     /usr/lib64/libffi.so.5.0.10
7f3163347000-7f3163546000 ---p 00007000 08:02 392011                     /usr/lib64/libffi.so.5.0.10
7f3163546000-7f3163547000 r--p 00006000 08:02 392011                     /usr/lib64/libffi.so.5.0.10
7f3163547000-7f3163548000 rw-p 00007000 08:02 392011                     /usr/lib64/libffi.so.5.0.10
7f3163548000-7f3163666000 r-xp 00000000 08:01 224104                     /lib64/libglib-2.0.so.0.3000.2
7f3163666000-7f3163865000 ---p 0011e000 08:01 224104                     /lib64/libglib-2.0.so.0.3000.2
7f3163865000-7f3163866000 r--p 0011d000 08:01 224104                     /lib64/libglib-2.0.so.0.3000.2
7f3163866000-7f3163867000 rw-p 0011e000 08:01 224104                     /lib64/libglib-2.0.so.0.3000.2
7f3163867000-7f3163868000 rw-p 00000000 00:00 0 
7f3163868000-7f316386c000 r-xp 00000000 08:01 224110                     /lib64/libgthread-2.0.so.0.3000.2
7f316386c000-7f3163a6b000 ---p 00004000 08:01 224110                     /lib64/libgthread-2.0.so.0.3000.2
7f3163a6b000-7f3163a6c000 r--p 00003000 08:01 224110                     /lib64/libgthread-2.0.so.0.3000.2
7f3163a6c000-7f3163a6d000 rw-p 00004000 08:01 224110                     /lib64/libgthread-2.0.so.0.3000.2
7f3163a6d000-7f3163ab9000 r-xp 00000000 08:01 224108                     /lib64/libgobject-2.0.so.0.3000.2
7f3163ab9000-7f3163cb9000 ---p 0004c000 08:01 224108                     /lib64/libgobject-2.0.so.0.3000.2
7f3163cb9000-7f3163cba000 r--p 0004c000 08:01 224108                     /lib64/libgobject-2.0.so.0.3000.2
7f3163cba000-7f3163cbb000 rw-p 0004d000 08:01 224108                     /lib64/libgobject-2.0.so.0.3000.2
7f3163cbb000-7f3163cbc000 rw-p 00000000 00:00 0 
7f3163cbc000-7f3163cc0000 r--s 00017000 08:05 31998640                   /data1/progs/eclipse3.7cpp/plugins/org.eclipse.core.commands_3.6.0.I20110111-0800.jar
7f3163cc0000-7f3163cc2000 r--s 00018000 08:05 31999117                   /data1/progs/eclipse3.7cpp/plugins/org.eclipse.equinox.common_3.6.0.v20110523.jar
7f3163cc2000-7f3163cc3000 r--s 00000000 08:01 32605                      /var/cache/fontconfig/3640555adad8a8f6978400293cfce7ab-le64.cache-3
7f3163cc8000-7f3163ccb000 r--s 00019000 08:05 31998749                   /data1/progs/eclipse3.7cpp/plugins/org.eclipse.core.filebuffers_3.5.200.v20110505-0800.jar
7f3163ccb000-7f3163ccf000 r--s 0001b000 08:05 31998723                   /data1/progs/eclipse3.7cpp/plugins/org.eclipse.mylyn.team.ui_3.6.1.v20110825-0100.jar
7f3163cd1000-7f3163cd3000 r--s 00001000 08:05 31998631                   /data1/progs/eclipse3.7cpp/plugins/org.eclipse.ui.workbench.compatibility_3.2.100.I20110413-1600/compatibility.jar
7f3163cd3000-7f3163cd5000 r--s 00008000 08:05 31998735                   /data1/progs/eclipse3.7cpp/plugins/org.eclipse.epp.usagedata.gathering_1.3.1.R201106061540.jar
7f3163cd5000-7f3163cd6000 r--s 00005000 08:05 32022720                   /data1/progs/.eclipse3.7cpp/org.eclipse.platform_3.7.0_399112415/plugins/org.eclipse.jubula.rc.rcp_1.1.0.201109140653/lib/org.slf4j.jcl.jar
7f3163cd8000-7f3163cdc000 r--s 00033000 08:05 31998998                   /data1/progs/eclipse3.7cpp/plugins/org.eclipse.egit.core_1.1.0.201109151100-r.jar
7f3163cdc000-7f3163cdd000 r--s 00007000 08:05 32022734                   /data1/progs/.eclipse3.7cpp/org.eclipse.platform_3.7.0_399112415/plugins/org.eclipse.jubula.rc.rcp_1.1.0.201109140653/lib/org.slf4j.api.jar
7f3163cdf000-7f3163ce1000 r--s 00004000 08:05 31998746                   /data1/progs/eclipse3.7cpp/plugins/org.eclipse.mylyn.team.cvs_3.6.0.v20110608-1400.jar
7f3163ce1000-7f3163ce6000 r--s 00038000 08:05 31998839                   /data1/progs/eclipse3.7cpp/plugins/org.eclipse.text_3.5.101.r371_v20110810-0800.jar
7f3163ce6000-7f3163ce8000 r--s 00011000 08:05 31998733                   /data1/progs/eclipse3.7cpp/plugins/org.eclipse.cdt.codan.checkers_1.0.0.201109151620.jar
7f3163ce8000-7f3163cea000 r--s 0000a000 08:05 31998768                   /data1/progs/eclipse3.7cpp/plugins/org.eclipse.epp.usagedata.recording_1.3.1.R201106061540.jar
7f3163cea000-7f3163cec000 r--s 00008000 08:05 31998781                   /data1/progs/eclipse3.7cpp/plugins/org.eclipse.equinox.simpleconfigurator_1.0.200.v20110502-1955.jar
7f3163cec000-7f3163cee000 r--s 00007000 08:05 31998988                   /data1/progs/eclipse3.7cpp/plugins/org.eclipse.mylyn.ide.ui_3.6.0.v20110608-1400.jar
7f3163cee000-7f3163cfd000 r-xp 00000000 08:05 31998835                   /data1/progs/eclipse3.7cpp/plugins/org.eclipse.equinox.launcher.gtk.linux.x86_64_1.1.100.v20110505/eclipse_1407.so
7f3163cfd000-7f3163dfc000 ---p 0000f000 08:05 31998835                   /data1/progs/eclipse3.7cpp/plugins/org.eclipse.equinox.launcher.gtk.linux.x86_64_1.1.100.v20110505/eclipse_1407.so
7f3163dfc000-7f3163dfe000 rw-p 0000e000 08:05 31998835                   /data1/progs/eclipse3.7cpp/plugins/org.eclipse.equinox.launcher.gtk.linux.x86_64_1.1.100.v20110505/eclipse_1407.so
7f3163dfe000-7f3163dff000 ---p 00000000 00:00 0 
7f3163dff000-7f3163eff000 rw-p 00000000 00:00 0 
7f3163eff000-7f3163f02000 ---p 00000000 00:00 0 
7f3163f02000-7f3164000000 rw-p 00000000 00:00 0 
7f3164000000-7f3164021000 rw-p 00000000 00:00 0 
7f3164021000-7f3168000000 ---p 00000000 00:00 0 
7f3168000000-7f3168003000 rw-s 00000000 00:04 83066966                   /SYSV00000000 (deleted)
7f3168004000-7f3168005000 r--s 00004000 08:05 31999125                   /data1/progs/eclipse3.7cpp/plugins/org.eclipse.cdt.core.linux.x86_64_5.2.0.201109151620.jar
7f3168005000-7f3168006000 r--s 00002000 08:05 31999080                   /data1/progs/eclipse3.7cpp/plugins/org.eclipse.cdt.core.linux_5.2.0.201109151620.jar
7f3168006000-7f3168007000 r--p 00000000 00:00 0 
7f3168007000-7f3168009000 r--s 00004000 08:05 3309662                    /data1/progs/.eclipse3.7cpp/org.eclipse.platform_3.7.0_399112415/plugins/org.eclipse.persistence.jpa.equinox.weaving_2.3.1.v20110908-r10021.jar
7f3168009000-7f316800b000 r--s 00006000 08:05 3309908                    /data1/progs/.eclipse3.7cpp/org.eclipse.platform_3.7.0_399112415/plugins/javax.transaction_1.1.1.v201105210645.jar
7f316800b000-7f316802e000 r--s 00000000 08:02 270968                     /usr/share/mime/mime.cache
7f316802e000-7f3168031000 ---p 00000000 00:00 0 
7f3168031000-7f316812f000 rw-p 00000000 00:00 0 
7f316812f000-7f3168132000 ---p 00000000 00:00 0 
7f3168132000-7f3168230000 rw-p 00000000 00:00 0 
7f3168230000-7f3168233000 ---p 00000000 00:00 0 
7f3168233000-7f3168331000 rw-p 00000000 00:00 0 
7f3168331000-7f3168334000 ---p 00000000 00:00 0 
7f3168334000-7f3168432000 rw-p 00000000 00:00 0 
7f3168432000-7f3168435000 ---p 00000000 00:00 0 
7f3168435000-7f3168533000 rw-p 00000000 00:00 0 
7f3168533000-7f3168534000 ---p 00000000 00:00 0 
7f3168534000-7f3168b6c000 rw-p 00000000 00:00 0 
7f3168b6c000-7f3168cfd000 r--s 037b1000 08:02 930730                     /usr/lib/jvm/java-1.6.0-openjdk-1.6.0.0.x86_64/jre/lib/rt.jar
7f3168cfd000-7f3168cfe000 ---p 00000000 00:00 0 
7f3168cfe000-7f3168dfe000 rw-p 00000000 00:00 0 
7f3168dfe000-7f3168dff000 ---p 00000000 00:00 0 
7f3168dff000-7f3168eff000 rw-p 00000000 00:00 0 
7f3168eff000-7f3168f00000 ---p 00000000 00:00 0 
7f3168f00000-7f3169000000 rw-p 00000000 00:00 0 
7f3169000000-7f31694f0000 rwxp 00000000 00:00 0 
7f31694f0000-7f316cafd000 rw-p 00000000 00:00 0 
7f316cafd000-7f3170000000 ---p 00000000 00:00 0 
7f3170000000-7f3170005000 r--p 00000000 08:02 251080                     /usr/share/locale/en_GB/LC_MESSAGES/gdk-pixbuf.mo
7f3170005000-7f3170006000 r--s 00000000 00:24 3309970                    /home/mher/.local/share/mime/mime.cache
7f3170006000-7f3170007000 r--s 00002000 08:05 31999094                   /data1/progs/eclipse3.7cpp/plugins/org.eclipse.core.runtime.compatibility.registry_3.5.0.v20110505/runtime_registry_compatibility.jar
7f3170007000-7f3170008000 r--p 00000000 08:02 245783                     /usr/share/locale/en_GB/LC_MESSAGES/libc.mo
7f3170008000-7f317000f000 r--s 00000000 08:02 391953                     /usr/lib64/gconv/gconv-modules.cache
7f317000f000-7f317001d000 r--p 00000000 08:02 251307                     /usr/share/locale/en_GB/LC_MESSAGES/gtk20.mo
7f317001d000-7f317001f000 r--s 00004000 08:05 3309662                    /data1/progs/.eclipse3.7cpp/org.eclipse.platform_3.7.0_399112415/plugins/org.eclipse.persistence.jpa.equinox.weaving_2.3.1.v20110908-r10021.jar
7f317001f000-7f3170026000 r--s 000fb000 08:02 930728                     /usr/lib/jvm/java-1.6.0-openjdk-1.6.0.0.x86_64/jre/lib/resources.jar
7f3170026000-7f3170029000 r--s 0007d000 08:02 930715                     /usr/lib/jvm/java-1.6.0-openjdk-1.6.0.0.x86_64/jre/lib/jsse.jar
7f3170029000-7f3170032000 r--s 00065000 08:02 930673                     /usr/lib/jvm/java-1.6.0-openjdk-1.6.0.0.x86_64/jre/lib/ext/gnome-java-bridge.jar
7f3170032000-7f3170033000 ---p 00000000 00:00 0 
7f3170033000-7f3170167000 rw-p 00000000 00:00 0 
7f3170167000-7f31701b3000 rw-p 00000000 00:00 0 
7f31701b3000-7f31701e5000 rw-p 00000000 00:00 0 
7f31701e5000-7f3170233000 rw-p 00000000 00:00 0 
7f3170233000-7f3170267000 rw-p 00000000 00:00 0 
7f3170267000-7f31702b3000 rw-p 00000000 00:00 0 
7f31702b3000-7f31702e5000 rw-p 00000000 00:00 0 
7f31702e5000-7f3170333000 rw-p 00000000 00:00 0 
7f3170333000-7f3170373000 rw-p 00000000 00:00 0 
7f3170373000-7f3170374000 rw-p 00000000 00:00 0 
7f3170374000-7f317037b000 r-xp 00000000 08:02 930650                     /usr/lib/jvm/java-1.6.0-openjdk-1.6.0.0.x86_64/jre/lib/amd64/libzip.so
7f317037b000-7f317057a000 ---p 00007000 08:02 930650                     /usr/lib/jvm/java-1.6.0-openjdk-1.6.0.0.x86_64/jre/lib/amd64/libzip.so
7f317057a000-7f317057b000 rw-p 00006000 08:02 930650                     /usr/lib/jvm/java-1.6.0-openjdk-1.6.0.0.x86_64/jre/lib/amd64/libzip.so
7f317057b000-7f317057f000 r-xp 00000000 08:01 224006                     /lib64/libnss_sss.so.2
7f317057f000-7f317077f000 ---p 00004000 08:01 224006                     /lib64/libnss_sss.so.2
7f317077f000-7f3170780000 r--p 00004000 08:01 224006                     /lib64/libnss_sss.so.2
7f3170780000-7f3170781000 rw-p 00005000 08:01 224006                     /lib64/libnss_sss.so.2
7f3170781000-7f317078d000 r-xp 00000000 08:01 224031                     /lib64/libnss_files-2.14.90.so
7f317078d000-7f317098c000 ---p 0000c000 08:01 224031                     /lib64/libnss_files-2.14.90.so
7f317098c000-7f317098d000 r--p 0000b000 08:01 224031                     /lib64/libnss_files-2.14.90.so
7f317098d000-7f317098e000 rw-p 0000c000 08:01 224031                     /lib64/libnss_files-2.14.90.so
7f317098e000-7f31709a5000 r-xp 00000000 08:01 224023                     /lib64/libnsl-2.14.90.so
7f31709a5000-7f3170ba4000 ---p 00017000 08:01 224023                     /lib64/libnsl-2.14.90.so
7f3170ba4000-7f3170ba5000 r--p 00016000 08:01 224023                     /lib64/libnsl-2.14.90.so
7f3170ba5000-7f3170ba6000 rw-p 00017000 08:01 224023                     /lib64/libnsl-2.14.90.so
7f3170ba6000-7f3170ba8000 rw-p 00000000 00:00 0 
7f3170ba8000-7f3170bd4000 r-xp 00000000 08:02 930630                     /usr/lib/jvm/java-1.6.0-openjdk-1.6.0.0.x86_64/jre/lib/amd64/libjava.so
7f3170bd4000-7f3170dd3000 ---p 0002c000 08:02 930630                     /usr/lib/jvm/java-1.6.0-openjdk-1.6.0.0.x86_64/jre/lib/amd64/libjava.so
7f3170dd3000-7f3170dd7000 rw-p 0002b000 08:02 930630                     /usr/lib/jvm/java-1.6.0-openjdk-1.6.0.0.x86_64/jre/lib/amd64/libjava.so
7f3170dd7000-7f3170de5000 r-xp 00000000 08:02 930649                     /usr/lib/jvm/java-1.6.0-openjdk-1.6.0.0.x86_64/jre/lib/amd64/libverify.so
7f3170de5000-7f3170fe4000 ---p 0000e000 08:02 930649                     /usr/lib/jvm/java-1.6.0-openjdk-1.6.0.0.x86_64/jre/lib/amd64/libverify.so
7f3170fe4000-7f3170fe6000 rw-p 0000d000 08:02 930649                     /usr/lib/jvm/java-1.6.0-openjdk-1.6.0.0.x86_64/jre/lib/amd64/libverify.so
7f3170fe6000-7f3170fed000 r-xp 00000000 08:01 224043                     /lib64/librt-2.14.90.so
7f3170fed000-7f31711ec000 ---p 00007000 08:01 224043                     /lib64/librt-2.14.90.so
7f31711ec000-7f31711ed000 r--p 00006000 08:01 224043                     /lib64/librt-2.14.90.so
7f31711ed000-7f31711ee000 rw-p 00007000 08:01 224043                     /lib64/librt-2.14.90.so
7f31711ee000-7f3171203000 r-xp 00000000 08:01 224002                     /lib64/libgcc_s-4.6.2-20111027.so.1
7f3171203000-7f3171402000 ---p 00015000 08:01 224002                     /lib64/libgcc_s-4.6.2-20111027.so.1
7f3171402000-7f3171403000 rw-p 00014000 08:01 224002                     /lib64/libgcc_s-4.6.2-20111027.so.1
7f3171403000-7f3171486000 r-xp 00000000 08:01 224021                     /lib64/libm-2.14.90.so
7f3171486000-7f3171685000 ---p 00083000 08:01 224021                     /lib64/libm-2.14.90.so
7f3171685000-7f3171686000 r--p 00082000 08:01 224021                     /lib64/libm-2.14.90.so
7f3171686000-7f3171687000 rw-p 00083000 08:01 224021                     /lib64/libm-2.14.90.so
7f3171687000-7f3171770000 r-xp 00000000 08:02 391969                     /usr/lib64/libstdc++.so.6.0.16
7f3171770000-7f317196f000 ---p 000e9000 08:02 391969                     /usr/lib64/libstdc++.so.6.0.16
7f317196f000-7f3171977000 r--p 000e8000 08:02 391969                     /usr/lib64/libstdc++.so.6.0.16
7f3171977000-7f3171979000 rw-p 000f0000 08:02 391969                     /usr/lib64/libstdc++.so.6.0.16
7f3171979000-7f317198e000 rw-p 00000000 00:00 0 
7f317198e000-7f3172293000 r-xp 00000000 08:02 930656                     /usr/lib/jvm/java-1.6.0-openjdk-1.6.0.0.x86_64/jre/lib/amd64/server/libjvm.so
7f3172293000-7f3172492000 ---p 00905000 08:02 930656                     /usr/lib/jvm/java-1.6.0-openjdk-1.6.0.0.x86_64/jre/lib/amd64/server/libjvm.so
7f3172492000-7f317252d000 rw-p 00904000 08:02 930656                     /usr/lib/jvm/java-1.6.0-openjdk-1.6.0.0.x86_64/jre/lib/amd64/server/libjvm.so
7f317252d000-7f3172556000 rw-p 00000000 00:00 0 
7f3172556000-7f3172701000 r-xp 00000000 08:01 224013                     /lib64/libc-2.14.90.so
7f3172701000-7f3172901000 ---p 001ab000 08:01 224013                     /lib64/libc-2.14.90.so
7f3172901000-7f3172905000 r--p 001ab000 08:01 224013                     /lib64/libc-2.14.90.so
7f3172905000-7f3172907000 rw-p 001af000 08:01 224013                     /lib64/libc-2.14.90.so
7f3172907000-7f317290c000 rw-p 00000000 00:00 0 
7f317290c000-7f317290e000 r-xp 00000000 08:01 224019                     /lib64/libdl-2.14.90.so
7f317290e000-7f3172b0e000 ---p 00002000 08:01 224019                     /lib64/libdl-2.14.90.so
7f3172b0e000-7f3172b0f000 r--p 00002000 08:01 224019                     /lib64/libdl-2.14.90.so
7f3172b0f000-7f3172b10000 rw-p 00003000 08:01 224019                     /lib64/libdl-2.14.90.so
7f3172b10000-7f3172b14000 r-xp 00000000 08:02 930618                     /usr/lib/jvm/java-1.6.0-openjdk-1.6.0.0.x86_64/jre/lib/amd64/jli/libjli.so
7f3172b14000-7f3172d13000 ---p 00004000 08:02 930618                     /usr/lib/jvm/java-1.6.0-openjdk-1.6.0.0.x86_64/jre/lib/amd64/jli/libjli.so
7f3172d13000-7f3172d14000 rw-p 00003000 08:02 930618                     /usr/lib/jvm/java-1.6.0-openjdk-1.6.0.0.x86_64/jre/lib/amd64/jli/libjli.so
7f3172d14000-7f3172d2b000 r-xp 00000000 08:01 224039                     /lib64/libpthread-2.14.90.so
7f3172d2b000-7f3172f2a000 ---p 00017000 08:01 224039                     /lib64/libpthread-2.14.90.so
7f3172f2a000-7f3172f2b000 r--p 00016000 08:01 224039                     /lib64/libpthread-2.14.90.so
7f3172f2b000-7f3172f2c000 rw-p 00017000 08:01 224039                     /lib64/libpthread-2.14.90.so
7f3172f2c000-7f3172f30000 rw-p 00000000 00:00 0 
7f3172f30000-7f3172f47000 r-xp 00000000 08:01 224044                     /lib64/libz.so.1.2.5
7f3172f47000-7f3173146000 ---p 00017000 08:01 224044                     /lib64/libz.so.1.2.5
7f3173146000-7f3173147000 rw-p 00016000 08:01 224044                     /lib64/libz.so.1.2.5
7f3173147000-7f3173169000 r-xp 00000000 08:01 224464                     /lib64/ld-2.14.90.so
7f3173169000-7f317316b000 r--s 00006000 08:05 3309908                    /data1/progs/.eclipse3.7cpp/org.eclipse.platform_3.7.0_399112415/plugins/javax.transaction_1.1.1.v201105210645.jar
7f317316b000-7f317316e000 r--s 0000f000 08:02 930676                     /usr/lib/jvm/java-1.6.0-openjdk-1.6.0.0.x86_64/jre/lib/ext/pulse-java.jar
7f317316e000-7f317316f000 r--s 0000b000 08:05 31998752                   /data1/progs/eclipse3.7cpp/plugins/org.eclipse.equinox.launcher_1.2.0.v20110502.jar
7f317316f000-7f3173183000 rw-p 00000000 00:00 0 
7f3173183000-7f317322f000 rw-p 00000000 00:00 0 
7f317322f000-7f3173232000 ---p 00000000 00:00 0 
7f3173232000-7f317335d000 rw-p 00000000 00:00 0 
7f317335d000-7f3173365000 rw-s 00000000 08:01 160088                     /tmp/hsperfdata_mher/28943
7f3173365000-7f3173366000 rw-p 00000000 00:00 0 
7f3173366000-7f3173367000 r--p 00000000 00:00 0 
7f3173367000-7f3173368000 rw-p 00000000 00:00 0 
7f3173368000-7f3173369000 r--p 00021000 08:01 224464                     /lib64/ld-2.14.90.so
7f3173369000-7f317336a000 rw-p 00022000 08:01 224464                     /lib64/ld-2.14.90.so
7f317336a000-7f317336b000 rw-p 00000000 00:00 0 
7fffb20c7000-7fffb20fd000 rw-p 00000000 00:00 0                          [stack]
7fffb21ff000-7fffb2200000 r-xp 00000000 00:00 0                          [vdso]
ffffffffff600000-ffffffffff601000 r-xp 00000000 00:00 0                  [vsyscall]

VM Arguments:
jvm_args: -Dosgi.requiredJavaVersion=1.5 -XX:MaxPermSize=256m -Xms40m -Xmx384m 
java_command: /data1/progs/eclipse3.7cpp//plugins/org.eclipse.equinox.launcher_1.2.0.v20110502.jar -os linux -ws gtk -arch x86_64 -showsplash -launcher /data1/progs/eclipse3.7cpp/eclipse -name Eclipse --launcher.library /data1/progs/eclipse3.7cpp//plugins/org.eclipse.equinox.launcher.gtk.linux.x86_64_1.1.100.v20110505/eclipse_1407.so -startup /data1/progs/eclipse3.7cpp//plugins/org.eclipse.equinox.launcher_1.2.0.v20110502.jar --launcher.overrideVmargs -exitdata 4f28054 -product org.eclipse.epp.package.cpp.product -vm /usr/bin/java -vmargs -Dosgi.requiredJavaVersion=1.5 -XX:MaxPermSize=256m -Xms40m -Xmx384m -jar /data1/progs/eclipse3.7cpp//plugins/org.eclipse.equinox.launcher_1.2.0.v20110502.jar
Launcher Type: SUN_STANDARD

Environment Variables:
PATH=/usr/lib64/mpich2/bin:/usr/kerberos/sbin:/usr/kerberos/bin:/usr/lib64/ccache:/usr/lib64/openmpi/bin:/software/strw/bin:/strw0/sfinx/bin:/usr/bin:/bin:/software/local/bin:/usr/local/bin:/home/mher/bin:.:/usr/NX/bin:/home/mher/bin:/home/mher/progs/bin:/home/mher/progs/mpich2-1.2.1/bin:/home/mher/progs/eclipse3.7cpp/
USERNAME=mher
LD_LIBRARY_PATH=/usr/lib/jvm/java-1.6.0-openjdk-1.6.0.0.x86_64/jre/lib/amd64/server:/usr/lib/jvm/java-1.6.0-openjdk-1.6.0.0.x86_64/jre/lib/amd64:/usr/lib/jvm/java-1.6.0-openjdk-1.6.0.0.x86_64/jre/../lib/amd64:/home/mher/progs/lib:/software/local/intel/compiler91/lib:/home/mher/progs/hdf5-1.6.9/lib:/home/mher/progs/mpich2-1.2.1/lib:/home/mher/progs/lib
SHELL=/bin/tcsh
DISPLAY=:0
HOSTTYPE=x86_64-linux
OSTYPE=linux
MACHTYPE=x86_64

Signal Handlers:
SIGSEGV: [libjvm.so+0x7855c0], sa_mask[0]=0x7ffbfeff, sa_flags=0x10000004
SIGBUS: [libjvm.so+0x7855c0], sa_mask[0]=0x7ffbfeff, sa_flags=0x10000004
SIGFPE: [libjvm.so+0x64a4d0], sa_mask[0]=0x7ffbfeff, sa_flags=0x10000004
SIGPIPE: SIG_IGN, sa_mask[0]=0x00001000, sa_flags=0x10000000
SIGXFSZ: [libjvm.so+0x64a4d0], sa_mask[0]=0x7ffbfeff, sa_flags=0x10000004
SIGILL: [libjvm.so+0x64a4d0], sa_mask[0]=0x7ffbfeff, sa_flags=0x10000004
SIGUSR1: SIG_DFL, sa_mask[0]=0x00000000, sa_flags=0x00000000
SIGUSR2: [libjvm.so+0x64a660], sa_mask[0]=0x00000000, sa_flags=0x10000004
SIGHUP: [libjvm.so+0x64d010], sa_mask[0]=0x7ffbfeff, sa_flags=0x10000004
SIGINT: [libjvm.so+0x64d010], sa_mask[0]=0x7ffbfeff, sa_flags=0x10000004
SIGTERM: [libjvm.so+0x64d010], sa_mask[0]=0x7ffbfeff, sa_flags=0x10000004
SIGQUIT: [libjvm.so+0x64d010], sa_mask[0]=0x7ffbfeff, sa_flags=0x10000004


---------------  S Y S T E M  ---------------

OS:Fedora release 16 (Verne)

uname:Linux 3.1.7-1.fc16.x86_64 #1 SMP Tue Jan 3 19:45:05 UTC 2012 x86_64
libc:glibc 2.14.90 NPTL 2.14.90 
rlimit: STACK 8192k, CORE 0k, NPROC 1024, NOFILE 4096, AS infinity
load average:0.91 0.47 0.53

/proc/meminfo:
MemTotal:        6097140 kB
MemFree:          195740 kB
Buffers:          432276 kB
Cached:          1450416 kB
SwapCached:       103292 kB
Active:          3203472 kB
Inactive:        1476964 kB
Active(anon):    2337812 kB
Inactive(anon):   577980 kB
Active(file):     865660 kB
Inactive(file):   898984 kB
Unevictable:       49144 kB
Mlocked:               0 kB
SwapTotal:      12287996 kB
SwapFree:       11420604 kB
Dirty:              4656 kB
Writeback:             0 kB
AnonPages:       2800640 kB
Mapped:           177352 kB
Shmem:             68852 kB
Slab:             975468 kB
SReclaimable:     936632 kB
SUnreclaim:        38836 kB
KernelStack:        4464 kB
PageTables:        51492 kB
NFS_Unstable:          0 kB
Bounce:                0 kB
WritebackTmp:          0 kB
CommitLimit:    15336564 kB
Committed_AS:    6381808 kB
VmallocTotal:   34359738367 kB
VmallocUsed:      151416 kB
VmallocChunk:   34359572988 kB
HardwareCorrupted:     0 kB
AnonHugePages:    571392 kB
HugePages_Total:       0
HugePages_Free:        0
HugePages_Rsvd:        0
HugePages_Surp:        0
Hugepagesize:       2048 kB
DirectMap4k:      157332 kB
DirectMap2M:     6117376 kB


CPU:total 4 (4 cores per cpu, 2 threads per core) family 6 model 26 stepping 5, cmov, cx8, fxsr, mmx, sse, sse2, sse3, ssse3, sse4.1, sse4.2, popcnt, ht

Memory: 4k page, physical 6097140k(195740k free), swap 12287996k(11420604k free)

vm_info: OpenJDK 64-Bit Server VM (20.0-b11) for linux-amd64 JRE (1.6.0_22-b22), built on Nov 28 2011 19:05:59 by "mockbuild" with gcc 4.6.2 20111027 (Red Hat 4.6.2-1)

time: Fri Jan 20 16:01:24 2012
elapsed time: 38 seconds

