+7.53925461e-15
+1.46677343e-11
+1.03645164e-05
+5.45151207e-12
+8.50000000e-02
+1.51646106e-17
+1.66313370e-10
+5.31978271e-07
+2.22526029e-15
+4.32064214e-08
+3.04886238e-22
+4.78588540e-18
+1.33209894e-07
+1.58736539e-09
+1.17841263e-06
+6.54861946e-10
+5.39345138e-07
+4.50199600e-10
+7.85811836e-07
+5.76804773e-13
+1.16733825e-08
+9.55302619e-21
+6.12022970e-14
+6.88194716e-10
+5.09490150e-17
+5.15307319e-08
+5.42995011e-10
+3.99457005e-07
+5.62288950e-10
+6.93165056e-14
+4.99987862e-01
+1.02129722e-15
+5.68037054e-15
+3.51636455e-08
+3.58265220e-16
+2.97740271e-10
+2.09317846e-17
+6.49326204e-17
+9.05459772e-09
+6.20628358e-17
+7.28516594e-07
+3.52306755e-18
+2.87676908e-16
+2.45948564e-07
+5.59121895e-16
+6.60686668e-04
+1.79677138e-16
+5.15001710e-05
+2.65195573e-10
+4.35033524e-09
+6.05357582e-13
+3.58882084e-09
+1.51558157e-11
+2.07641121e-09
+1.67467856e-14
+4.25628737e-10
+1.07824645e-13
+3.59400977e-12
+5.59618122e-08
+4.44838693e-17
+2.15562411e-16
+2.42448308e-07
+7.70767566e-11
+5.75590475e-08
+1.12136466e-17
+2.52109964e-08
+6.21548619e-17
+6.03014018e-08
+3.75194904e-16
+6.87146425e-07
+3.38017889e-14
+1.80913407e-09
+1.14706118e-14
+3.25447160e-13
+1.30535302e-11
+3.97301731e-09
+2.73336180e-11
+4.63332644e-10
+1.92553320e-15
+3.93774795e-12
+3.16227766e-31
+3.16227766e-31
+6.15276906e-13
+6.35126453e-16
+8.62463252e-18
+1.62796019e-18
+5.62519270e-11
+4.55775204e-15
+6.73923899e-09
+1.71196441e-15
+4.00156682e-09
+1.48489382e-16
+3.77016058e-08
+3.46598925e-15
+1.52656238e-07
+1.30185093e-16
+1.03596526e-07
+1.49251883e-07
+1.56053921e-15
+4.08818129e-09
+1.01391882e-08
+9.17866133e-12
+1.29668670e-11
+3.14008138e-10
+3.26002337e-15
+8.49585835e-12
+2.70157126e-12
+1.82096431e-10
+3.09445922e-20
+1.70362811e-12
+8.52687042e-15
+1.16710761e-11
+5.16884918e-16
+2.01516643e-07
+7.92496730e-14
+2.03911596e-10
+1.50972266e-10
+2.71832591e-08
+7.72740976e-14
+1.61124837e-10
+3.01061958e-15
+5.56665876e-08
+3.38080407e-13
+1.41951679e-08
+1.34114505e-17
+6.15489226e-10
+2.24674366e-16
+1.06596800e-08
+1.09890351e-18
+7.88479204e-07
+5.00929467e-11
+3.14867569e-09
+3.43733319e-11
+6.43416672e-09
+2.00966394e-11
+2.71038602e-23
+2.67213466e-13
+4.01542462e-15
+3.07675831e-11
+1.93883050e-11
+4.96639987e-14
+4.84814550e-16
+4.07757033e-07
+1.13407313e-09
+6.82974906e-11
+5.53004248e-12
+1.04342081e-08
+2.13569769e-09
+4.37735882e-19
+5.60187837e-12
+3.03722732e-11
+2.46295539e-09
+4.88055641e-14
+2.83800788e-20
+2.83343034e-12
+7.94486665e-15
+3.35303618e-20
+8.66801827e-11
+2.50454121e-08
+2.29231590e-12
+3.52772991e-09
+4.75909534e-11
+8.66751966e-13
+2.86191286e-08
+1.00118800e-09
+9.88115593e-11
+3.37489848e-12
+4.18381931e-12
+3.60262938e-08
+1.71737801e-18
+4.12226797e-11
+1.63427333e-12
+2.53304537e-15
+6.21308096e-12
+3.45133708e-17
+9.56315986e-14
+3.07640278e-13
+6.56218667e-07
+6.05669544e-11
+2.02652224e-11
+1.85200284e-09
+7.15842233e-08
+2.25262915e-19
+2.69971872e-11
+4.22520730e-10
+2.57633977e-13
+5.00695138e-14
+4.87468279e-10
+2.91145774e-12
+1.27586220e-12
+4.23732781e-14
+9.76163216e-15
+2.18680464e-07
+6.12787358e-13
+1.67102847e-11
+6.64437933e-18
+2.73773772e-08
+4.44149213e-16
+2.39271687e-12
+4.38914828e-19
+3.18064546e-09
+2.88802665e-07
+4.98326537e-12
+1.16191450e-10
+2.05281497e-09
+1.07866834e-11
+2.78546691e-13
+5.40979237e-11
+3.68824659e-09
+3.93844272e-07
+7.59372109e-16
+9.85279881e-17
+3.50919544e-16
+5.12154238e-09
+1.57057616e-11
+1.51793102e-09
+3.50930425e-15
+2.53895677e-06
+1.66985514e-10
+9.05195317e-10
+4.67228169e-11
+3.16227766e-31
+1.39339862e-10
+6.33697656e-22
+6.06311099e-12
+2.47618398e-09
+1.31060718e-08
+4.63996533e-10
+6.23403165e-11
+1.72711794e-10
+5.74983564e-12
+6.03866245e-09
+1.06251309e-09
+5.40032904e-11
+2.78948464e-10
+5.35385754e-11
+1.34725020e-09
+3.26780563e-12
+3.35247873e-14
+9.90877293e-14
+6.79700761e-14
+6.05977448e-07
+1.32223360e-13
+2.81407173e-07
+5.48549939e-14
+5.54639260e-09
+1.71352878e-07
+2.45877730e-11
+7.61694780e-15
+1.95242403e-07
+5.10556014e-15
+9.50118047e-09
+8.19828594e-08
+4.41232922e-18
+1.33488726e-10
+2.47176943e-11
+6.93323486e-09
+8.97559077e-08
+1.28575372e-13
+3.30800264e-09
+2.41008873e-13
+5.50609814e-10
+4.86395610e-12
+1.73117370e-11
+1.73952079e-09
+3.16227766e-31
+1.71222962e-12
+7.10180531e-19
+5.91394033e-16
+1.42901164e-13
+9.67779916e-10
+8.62609780e-10
+4.03920029e-08
+2.43470929e-13
+8.50979730e-17
+1.34717707e-10
+2.55808139e-12
+1.43503110e-11
+2.76044469e-11
+8.29382815e-09
+1.93940158e-09
+7.85383028e-09
+4.18093219e-14
+7.87934002e-09
+3.31971500e-13
+3.33591928e-09
+1.12923326e-07
+2.28987968e-12
+3.76982770e-09
+1.02215197e-09
+7.63875772e-11
+2.47740546e-08
+6.49321685e-09
+3.40355819e-10
+2.12415578e-11
+9.90280648e-08
+8.33173501e-11
+1.00888618e-07
+1.90123884e-25
+3.19955838e-12
+2.08657204e-07
+1.68529285e-15
+1.24861807e-08
+1.67737629e-05
+9.69316688e-18
+1.30738802e-15
+1.68080191e-09
+1.72400048e-09
+1.68572099e-09
